[24-Oct-2023 09:31:13 UTC] PHP Notice:  Trying to access array offset on value of type null in A:\xamppFriss\htdocs\api\castlesiege.php on line 26
[24-Oct-2023 09:44:53 UTC] PHP Notice:  Trying to access array offset on value of type null in A:\xamppFriss\htdocs\api\castlesiege.php on line 26
[24-Oct-2023 09:44:58 UTC] PHP Notice:  Trying to access array offset on value of type null in A:\xamppFriss\htdocs\api\castlesiege.php on line 26
[24-Oct-2023 09:44:59 UTC] PHP Notice:  Trying to access array offset on value of type null in A:\xamppFriss\htdocs\api\castlesiege.php on line 26
[24-Oct-2023 09:44:59 UTC] PHP Notice:  Trying to access array offset on value of type null in A:\xamppFriss\htdocs\api\castlesiege.php on line 26
[24-Oct-2023 09:45:00 UTC] PHP Notice:  Trying to access array offset on value of type null in A:\xamppFriss\htdocs\api\castlesiege.php on line 26
[24-Oct-2023 09:46:00 UTC] PHP Notice:  Trying to access array offset on value of type null in A:\xamppFriss\htdocs\api\castlesiege.php on line 26
[24-Oct-2023 09:46:40 UTC] PHP Notice:  Trying to access array offset on value of type null in A:\xamppFriss\htdocs\api\castlesiege.php on line 26
[24-Oct-2023 09:49:28 UTC] PHP Notice:  Trying to access array offset on value of type null in A:\xamppFriss\htdocs\api\castlesiege.php on line 26
[24-Oct-2023 09:49:32 UTC] PHP Notice:  Trying to access array offset on value of type null in A:\xamppFriss\htdocs\api\castlesiege.php on line 26
[24-Oct-2023 09:49:52 UTC] PHP Notice:  Trying to access array offset on value of type null in A:\xamppFriss\htdocs\api\castlesiege.php on line 26
[24-Oct-2023 09:50:08 UTC] PHP Notice:  Trying to access array offset on value of type null in A:\xamppFriss\htdocs\api\castlesiege.php on line 26
[24-Oct-2023 09:55:13 UTC] PHP Notice:  Trying to access array offset on value of type null in A:\xamppFriss\htdocs\api\castlesiege.php on line 26
[24-Oct-2023 09:55:14 UTC] PHP Notice:  Trying to access array offset on value of type null in A:\xamppFriss\htdocs\api\castlesiege.php on line 26
[24-Oct-2023 09:55:15 UTC] PHP Notice:  Trying to access array offset on value of type null in A:\xamppFriss\htdocs\api\castlesiege.php on line 26
[24-Oct-2023 09:55:15 UTC] PHP Notice:  Trying to access array offset on value of type null in A:\xamppFriss\htdocs\api\castlesiege.php on line 26
[24-Oct-2023 09:55:15 UTC] PHP Notice:  Trying to access array offset on value of type null in A:\xamppFriss\htdocs\api\castlesiege.php on line 26
[24-Oct-2023 09:55:15 UTC] PHP Notice:  Trying to access array offset on value of type null in A:\xamppFriss\htdocs\api\castlesiege.php on line 26
[24-Oct-2023 09:55:16 UTC] PHP Notice:  Trying to access array offset on value of type null in A:\xamppFriss\htdocs\api\castlesiege.php on line 26
[24-Oct-2023 09:55:16 UTC] PHP Notice:  Trying to access array offset on value of type null in A:\xamppFriss\htdocs\api\castlesiege.php on line 26
[24-Oct-2023 09:56:21 UTC] PHP Notice:  Trying to access array offset on value of type null in A:\xamppFriss\htdocs\api\castlesiege.php on line 26
[24-Oct-2023 09:56:51 UTC] PHP Notice:  Trying to access array offset on value of type null in A:\xamppFriss\htdocs\api\castlesiege.php on line 26
[24-Oct-2023 09:57:36 UTC] PHP Notice:  Trying to access array offset on value of type null in A:\xamppFriss\htdocs\api\castlesiege.php on line 26
[24-Oct-2023 09:57:37 UTC] PHP Notice:  Trying to access array offset on value of type null in A:\xamppFriss\htdocs\api\castlesiege.php on line 26
[24-Oct-2023 09:57:51 UTC] PHP Notice:  Trying to access array offset on value of type null in A:\xamppFriss\htdocs\api\castlesiege.php on line 26
[24-Oct-2023 09:57:57 UTC] PHP Notice:  Trying to access array offset on value of type null in A:\xamppFriss\htdocs\api\castlesiege.php on line 26
[24-Oct-2023 09:58:27 UTC] PHP Notice:  Undefined index: news_submit in A:\xamppFriss\htdocs\admincp\modules\addnews.php on line 23
[24-Oct-2023 09:59:09 UTC] PHP Notice:  Undefined index: news_content in A:\xamppFriss\htdocs\includes\classes\class.news.php on line 253
[24-Oct-2023 09:59:10 UTC] PHP Notice:  Undefined index: delete in A:\xamppFriss\htdocs\admincp\modules\managenews.php on line 21
[24-Oct-2023 09:59:10 UTC] PHP Notice:  Undefined index: deletetranslation in A:\xamppFriss\htdocs\admincp\modules\managenews.php on line 33
[24-Oct-2023 09:59:10 UTC] PHP Notice:  Undefined index: cache in A:\xamppFriss\htdocs\admincp\modules\managenews.php on line 46
[24-Oct-2023 09:59:16 UTC] PHP Notice:  Trying to access array offset on value of type null in A:\xamppFriss\htdocs\api\castlesiege.php on line 26
[24-Oct-2023 10:01:56 UTC] PHP Notice:  Undefined index: delete in A:\xamppFriss\htdocs\admincp\modules\managenews.php on line 21
[24-Oct-2023 10:01:56 UTC] PHP Notice:  Undefined index: deletetranslation in A:\xamppFriss\htdocs\admincp\modules\managenews.php on line 33
[24-Oct-2023 10:01:56 UTC] PHP Notice:  Undefined index: news_content in A:\xamppFriss\htdocs\includes\classes\class.news.php on line 253
[24-Oct-2023 10:02:00 UTC] PHP Notice:  Undefined index: search_character in A:\xamppFriss\htdocs\admincp\modules\searchcharacter.php on line 23
[24-Oct-2023 10:02:39 UTC] PHP Notice:  Undefined index: new_submit in A:\xamppFriss\htdocs\admincp\modules\creditsconfigs.php on line 19
[24-Oct-2023 10:02:39 UTC] PHP Notice:  Undefined index: edit_submit in A:\xamppFriss\htdocs\admincp\modules\creditsconfigs.php on line 46
[24-Oct-2023 10:02:39 UTC] PHP Notice:  Undefined index: delete in A:\xamppFriss\htdocs\admincp\modules\creditsconfigs.php on line 75
[24-Oct-2023 10:02:39 UTC] PHP Notice:  Undefined index: edit in A:\xamppFriss\htdocs\admincp\modules\creditsconfigs.php on line 87
[24-Oct-2023 10:02:59 UTC] PHP Notice:  Undefined index: config in A:\xamppFriss\htdocs\admincp\modules\modules_manager.php on line 76
[24-Oct-2023 10:03:08 UTC] PHP Notice:  Undefined index: submit_changes in A:\xamppFriss\htdocs\admincp\modules\mconfig\addstats.php on line 68
[24-Oct-2023 10:03:28 UTC] PHP Notice:  Undefined index: config in A:\xamppFriss\htdocs\admincp\modules\modules_manager.php on line 76
[24-Oct-2023 10:03:43 UTC] PHP Notice:  Undefined index: settings_submit in A:\xamppFriss\htdocs\admincp\modules\connection_settings.php on line 29
[24-Oct-2023 10:03:43 UTC] PHP Notice:  Undefined index: SQL_ENABLE_MD5 in A:\xamppFriss\htdocs\includes\functions.php on line 272
[24-Oct-2023 10:03:43 UTC] PHP Notice:  Undefined index: SQL_ENABLE_MD5 in A:\xamppFriss\htdocs\includes\functions.php on line 272
[24-Oct-2023 10:03:48 UTC] PHP Notice:  Undefined index: settings_submit in A:\xamppFriss\htdocs\admincp\modules\website_settings.php on line 51
[24-Oct-2023 10:05:51 UTC] PHP Notice:  Undefined index: settings_submit in A:\xamppFriss\htdocs\admincp\modules\website_settings.php on line 51
[24-Oct-2023 10:06:27 UTC] PHP Notice:  Undefined index: search_character in A:\xamppFriss\htdocs\admincp\modules\searchcharacter.php on line 23
[24-Oct-2023 10:06:35 UTC] PHP Notice:  Undefined index: u in A:\xamppFriss\htdocs\admincp\modules\accountinfo.php on line 19
[24-Oct-2023 10:06:35 UTC] PHP Notice:  Undefined index: editaccount_submit in A:\xamppFriss\htdocs\admincp\modules\accountinfo.php on line 33
[24-Oct-2023 10:07:01 UTC] PHP Notice:  Undefined index: action in A:\xamppFriss\htdocs\admincp\modules\cronmanager.php on line 22
[24-Oct-2023 10:07:01 UTC] PHP Notice:  Undefined index: submit in A:\xamppFriss\htdocs\admincp\modules\cronmanager.php on line 64
[24-Oct-2023 10:07:17 UTC] PHP Notice:  Undefined index: delete in A:\xamppFriss\htdocs\admincp\modules\navbar.php on line 18
[24-Oct-2023 10:07:17 UTC] PHP Notice:  Undefined index: navbar_submit in A:\xamppFriss\htdocs\admincp\modules\navbar.php on line 44
[24-Oct-2023 10:07:17 UTC] PHP Notice:  Undefined index: new_submit in A:\xamppFriss\htdocs\admincp\modules\navbar.php on line 93
[24-Oct-2023 10:07:26 UTC] PHP Notice:  Trying to access array offset on value of type null in A:\xamppFriss\htdocs\api\castlesiege.php on line 26
[24-Oct-2023 10:07:28 UTC] PHP Notice:  Trying to access array offset on value of type null in A:\xamppFriss\htdocs\api\castlesiege.php on line 26
[24-Oct-2023 10:07:38 UTC] PHP Notice:  Undefined index: delete in A:\xamppFriss\htdocs\admincp\modules\usercp.php on line 18
[24-Oct-2023 10:07:38 UTC] PHP Notice:  Undefined index: usercp_submit in A:\xamppFriss\htdocs\admincp\modules\usercp.php on line 44
[24-Oct-2023 10:07:38 UTC] PHP Notice:  Undefined index: new_submit in A:\xamppFriss\htdocs\admincp\modules\usercp.php on line 95
[24-Oct-2023 10:07:43 UTC] PHP Notice:  Undefined index: settings_submit in A:\xamppFriss\htdocs\admincp\modules\connection_settings.php on line 29
[24-Oct-2023 10:07:43 UTC] PHP Notice:  Undefined index: SQL_ENABLE_MD5 in A:\xamppFriss\htdocs\includes\functions.php on line 272
[24-Oct-2023 10:07:43 UTC] PHP Notice:  Undefined index: SQL_ENABLE_MD5 in A:\xamppFriss\htdocs\includes\functions.php on line 272
[24-Oct-2023 10:07:46 UTC] PHP Notice:  Undefined index: settings_submit in A:\xamppFriss\htdocs\admincp\modules\website_settings.php on line 51
[24-Oct-2023 10:07:54 UTC] PHP Notice:  Trying to access array offset on value of type null in A:\xamppFriss\htdocs\api\castlesiege.php on line 26
[24-Oct-2023 10:08:09 UTC] PHP Notice:  Trying to access array offset on value of type null in A:\xamppFriss\htdocs\api\castlesiege.php on line 26
[24-Oct-2023 10:08:40 UTC] PHP Notice:  Undefined index: delete in A:\xamppFriss\htdocs\admincp\modules\usercp.php on line 18
[24-Oct-2023 10:08:40 UTC] PHP Notice:  Undefined index: usercp_submit in A:\xamppFriss\htdocs\admincp\modules\usercp.php on line 44
[24-Oct-2023 10:08:40 UTC] PHP Notice:  Undefined index: new_submit in A:\xamppFriss\htdocs\admincp\modules\usercp.php on line 95
[24-Oct-2023 10:08:41 UTC] PHP Notice:  Undefined index: delete in A:\xamppFriss\htdocs\admincp\modules\navbar.php on line 18
[24-Oct-2023 10:08:41 UTC] PHP Notice:  Undefined index: navbar_submit in A:\xamppFriss\htdocs\admincp\modules\navbar.php on line 44
[24-Oct-2023 10:08:41 UTC] PHP Notice:  Undefined index: new_submit in A:\xamppFriss\htdocs\admincp\modules\navbar.php on line 93
[24-Oct-2023 10:08:42 UTC] PHP Notice:  Undefined index: config in A:\xamppFriss\htdocs\admincp\modules\modules_manager.php on line 76
[24-Oct-2023 10:08:47 UTC] PHP Notice:  Undefined index: settings_submit in A:\xamppFriss\htdocs\admincp\modules\website_settings.php on line 51
[24-Oct-2023 10:09:08 UTC] PHP Notice:  Undefined index: action in A:\xamppFriss\htdocs\admincp\modules\cachemanager.php on line 22
[24-Oct-2023 10:09:08 UTC] PHP Notice:  Undefined variable: result in A:\xamppFriss\htdocs\includes\classes\class.cache.php on line 115
[24-Oct-2023 10:09:08 UTC] PHP Notice:  Undefined variable: result in A:\xamppFriss\htdocs\includes\classes\class.cache.php on line 126
[24-Oct-2023 10:09:23 UTC] PHP Notice:  Undefined index: settings_submit in A:\xamppFriss\htdocs\admincp\modules\connection_settings.php on line 29
[24-Oct-2023 10:09:23 UTC] PHP Notice:  Undefined index: SQL_ENABLE_MD5 in A:\xamppFriss\htdocs\includes\functions.php on line 272
[24-Oct-2023 10:09:23 UTC] PHP Notice:  Undefined index: SQL_ENABLE_MD5 in A:\xamppFriss\htdocs\includes\functions.php on line 272
[24-Oct-2023 10:09:24 UTC] PHP Notice:  Undefined index: delete in A:\xamppFriss\htdocs\admincp\modules\usercp.php on line 18
[24-Oct-2023 10:09:24 UTC] PHP Notice:  Undefined index: usercp_submit in A:\xamppFriss\htdocs\admincp\modules\usercp.php on line 44
[24-Oct-2023 10:09:24 UTC] PHP Notice:  Undefined index: new_submit in A:\xamppFriss\htdocs\admincp\modules\usercp.php on line 95
[24-Oct-2023 10:09:28 UTC] PHP Notice:  Undefined index: config in A:\xamppFriss\htdocs\admincp\modules\modules_manager.php on line 76
[24-Oct-2023 10:10:09 UTC] PHP Notice:  Trying to access array offset on value of type null in A:\xamppFriss\htdocs\api\castlesiege.php on line 26
[24-Oct-2023 10:10:13 UTC] PHP Notice:  Trying to access array offset on value of type null in A:\xamppFriss\htdocs\api\castlesiege.php on line 26
[24-Oct-2023 10:10:13 UTC] PHP Notice:  Trying to access array offset on value of type null in A:\xamppFriss\htdocs\api\castlesiege.php on line 26
[24-Oct-2023 10:10:14 UTC] PHP Notice:  Trying to access array offset on value of type null in A:\xamppFriss\htdocs\api\castlesiege.php on line 26
[24-Oct-2023 10:10:14 UTC] PHP Notice:  Trying to access array offset on value of type null in A:\xamppFriss\htdocs\api\castlesiege.php on line 26
[24-Oct-2023 10:10:14 UTC] PHP Notice:  Trying to access array offset on value of type null in A:\xamppFriss\htdocs\api\castlesiege.php on line 26
[24-Oct-2023 10:10:15 UTC] PHP Notice:  Trying to access array offset on value of type null in A:\xamppFriss\htdocs\api\castlesiege.php on line 26
[24-Oct-2023 10:10:15 UTC] PHP Notice:  Trying to access array offset on value of type null in A:\xamppFriss\htdocs\api\castlesiege.php on line 26
[24-Oct-2023 10:10:42 UTC] PHP Notice:  Trying to access array offset on value of type null in A:\xamppFriss\htdocs\api\castlesiege.php on line 26
[24-Oct-2023 10:10:42 UTC] PHP Notice:  Trying to access array offset on value of type null in A:\xamppFriss\htdocs\api\castlesiege.php on line 26
[24-Oct-2023 10:10:43 UTC] PHP Notice:  Trying to access array offset on value of type null in A:\xamppFriss\htdocs\api\castlesiege.php on line 26
[24-Oct-2023 10:10:43 UTC] PHP Notice:  Trying to access array offset on value of type null in A:\xamppFriss\htdocs\api\castlesiege.php on line 26
[24-Oct-2023 10:10:43 UTC] PHP Notice:  Trying to access array offset on value of type null in A:\xamppFriss\htdocs\api\castlesiege.php on line 26
[24-Oct-2023 10:10:46 UTC] PHP Notice:  Trying to access array offset on value of type null in A:\xamppFriss\htdocs\api\castlesiege.php on line 26
[24-Oct-2023 10:10:52 UTC] PHP Notice:  Trying to access array offset on value of type null in A:\xamppFriss\htdocs\api\castlesiege.php on line 26
[24-Oct-2023 10:10:54 UTC] PHP Notice:  Trying to access array offset on value of type null in A:\xamppFriss\htdocs\api\castlesiege.php on line 26
[24-Oct-2023 10:10:56 UTC] PHP Notice:  Trying to access array offset on value of type null in A:\xamppFriss\htdocs\api\castlesiege.php on line 26
[24-Oct-2023 10:11:01 UTC] PHP Notice:  Trying to access array offset on value of type null in A:\xamppFriss\htdocs\api\castlesiege.php on line 26
[24-Oct-2023 10:11:02 UTC] PHP Notice:  Trying to access array offset on value of type null in A:\xamppFriss\htdocs\api\castlesiege.php on line 26
[24-Oct-2023 10:11:05 UTC] PHP Notice:  Trying to access array offset on value of type null in A:\xamppFriss\htdocs\api\castlesiege.php on line 26
[24-Oct-2023 10:11:09 UTC] PHP Notice:  Trying to access array offset on value of type null in A:\xamppFriss\htdocs\api\castlesiege.php on line 26
[24-Oct-2023 10:11:10 UTC] PHP Notice:  Trying to access array offset on value of type null in A:\xamppFriss\htdocs\api\castlesiege.php on line 26
[24-Oct-2023 10:11:25 UTC] PHP Notice:  Trying to access array offset on value of type null in A:\xamppFriss\htdocs\api\castlesiege.php on line 26
[24-Oct-2023 10:11:35 UTC] PHP Notice:  Undefined index: submit_changes in A:\xamppFriss\htdocs\admincp\modules\mconfig\email.php on line 44
[24-Oct-2023 10:11:55 UTC] PHP Notice:  Undefined index: search_account in A:\xamppFriss\htdocs\admincp\modules\searchaccount.php on line 23
[24-Oct-2023 10:12:02 UTC] PHP Notice:  Undefined index: u in A:\xamppFriss\htdocs\admincp\modules\accountinfo.php on line 19
[24-Oct-2023 10:12:02 UTC] PHP Notice:  Undefined index: editaccount_submit in A:\xamppFriss\htdocs\admincp\modules\accountinfo.php on line 33
[24-Oct-2023 10:13:14 UTC] PHP Notice:  Trying to access array offset on value of type null in A:\xamppFriss\htdocs\api\castlesiege.php on line 26
[24-Oct-2023 10:13:35 UTC] PHP Notice:  Undefined index: config in A:\xamppFriss\htdocs\admincp\modules\modules_manager.php on line 76
[24-Oct-2023 10:13:37 UTC] PHP Notice:  Undefined index: submit_changes in A:\xamppFriss\htdocs\admincp\modules\mconfig\rankings.php on line 54
[24-Oct-2023 10:14:25 UTC] PHP Notice:  Trying to access array offset on value of type null in A:\xamppFriss\htdocs\api\castlesiege.php on line 26
[24-Oct-2023 10:14:26 UTC] PHP Notice:  Trying to access array offset on value of type null in A:\xamppFriss\htdocs\api\castlesiege.php on line 26
[24-Oct-2023 10:14:26 UTC] PHP Notice:  Trying to access array offset on value of type null in A:\xamppFriss\htdocs\api\castlesiege.php on line 26
[24-Oct-2023 10:14:26 UTC] PHP Notice:  Trying to access array offset on value of type null in A:\xamppFriss\htdocs\api\castlesiege.php on line 26
[24-Oct-2023 10:14:26 UTC] PHP Notice:  Trying to access array offset on value of type null in A:\xamppFriss\htdocs\api\castlesiege.php on line 26
[24-Oct-2023 10:14:26 UTC] PHP Notice:  Trying to access array offset on value of type null in A:\xamppFriss\htdocs\api\castlesiege.php on line 26
[24-Oct-2023 10:14:27 UTC] PHP Notice:  Trying to access array offset on value of type null in A:\xamppFriss\htdocs\api\castlesiege.php on line 26
[24-Oct-2023 10:14:27 UTC] PHP Notice:  Trying to access array offset on value of type null in A:\xamppFriss\htdocs\api\castlesiege.php on line 26
[24-Oct-2023 10:14:28 UTC] PHP Notice:  Trying to access array offset on value of type null in A:\xamppFriss\htdocs\api\castlesiege.php on line 26
[24-Oct-2023 10:14:29 UTC] PHP Notice:  Trying to access array offset on value of type null in A:\xamppFriss\htdocs\api\castlesiege.php on line 26
[24-Oct-2023 10:14:29 UTC] PHP Notice:  Trying to access array offset on value of type null in A:\xamppFriss\htdocs\api\castlesiege.php on line 26
[24-Oct-2023 10:15:51 UTC] PHP Notice:  Trying to access array offset on value of type null in A:\xamppFriss\htdocs\api\castlesiege.php on line 26
[24-Oct-2023 10:21:51 UTC] PHP Notice:  Trying to access array offset on value of type null in A:\xamppFriss\htdocs\api\castlesiege.php on line 26
[24-Oct-2023 10:22:04 UTC] PHP Notice:  Trying to access array offset on value of type null in A:\xamppFriss\htdocs\api\castlesiege.php on line 26
[24-Oct-2023 10:22:09 UTC] PHP Notice:  Trying to access array offset on value of type null in A:\xamppFriss\htdocs\api\castlesiege.php on line 26
[24-Oct-2023 10:22:44 UTC] PHP Notice:  Trying to access array offset on value of type null in A:\xamppFriss\htdocs\api\castlesiege.php on line 26
[24-Oct-2023 10:22:54 UTC] PHP Notice:  Trying to access array offset on value of type null in A:\xamppFriss\htdocs\api\castlesiege.php on line 26
[24-Oct-2023 10:23:04 UTC] PHP Notice:  Trying to access array offset on value of type null in A:\xamppFriss\htdocs\api\castlesiege.php on line 26
[24-Oct-2023 10:23:16 UTC] PHP Notice:  Trying to access array offset on value of type null in A:\xamppFriss\htdocs\api\castlesiege.php on line 26
[24-Oct-2023 10:23:34 UTC] PHP Notice:  Trying to access array offset on value of type null in A:\xamppFriss\htdocs\api\castlesiege.php on line 26
[24-Oct-2023 10:26:15 UTC] PHP Notice:  Trying to access array offset on value of type null in A:\xamppFriss\htdocs\api\castlesiege.php on line 26
[24-Oct-2023 10:26:32 UTC] PHP Notice:  Trying to access array offset on value of type null in A:\xamppFriss\htdocs\api\castlesiege.php on line 26
[24-Oct-2023 10:26:47 UTC] PHP Notice:  Trying to access array offset on value of type null in A:\xamppFriss\htdocs\api\castlesiege.php on line 26
[24-Oct-2023 10:26:54 UTC] PHP Notice:  Trying to access array offset on value of type null in A:\xamppFriss\htdocs\api\castlesiege.php on line 26
[24-Oct-2023 10:27:14 UTC] PHP Notice:  Trying to access array offset on value of type null in A:\xamppFriss\htdocs\api\castlesiege.php on line 26
[24-Oct-2023 10:28:08 UTC] PHP Notice:  Trying to access array offset on value of type null in A:\xamppFriss\htdocs\api\castlesiege.php on line 26
[24-Oct-2023 10:28:27 UTC] PHP Notice:  Trying to access array offset on value of type null in A:\xamppFriss\htdocs\api\castlesiege.php on line 26
[24-Oct-2023 10:28:59 UTC] PHP Notice:  Trying to access array offset on value of type null in A:\xamppFriss\htdocs\api\castlesiege.php on line 26
[24-Oct-2023 10:29:04 UTC] PHP Notice:  Trying to access array offset on value of type null in A:\xamppFriss\htdocs\api\castlesiege.php on line 26
[24-Oct-2023 10:29:06 UTC] PHP Notice:  Trying to access array offset on value of type null in A:\xamppFriss\htdocs\api\castlesiege.php on line 26
[24-Oct-2023 10:29:14 UTC] PHP Notice:  Trying to access array offset on value of type null in A:\xamppFriss\htdocs\api\castlesiege.php on line 26
[24-Oct-2023 10:30:19 UTC] PHP Notice:  Trying to access array offset on value of type null in A:\xamppFriss\htdocs\api\castlesiege.php on line 26
[24-Oct-2023 10:30:45 UTC] PHP Notice:  Trying to access array offset on value of type null in A:\xamppFriss\htdocs\api\castlesiege.php on line 26
[24-Oct-2023 10:30:50 UTC] PHP Notice:  Trying to access array offset on value of type null in A:\xamppFriss\htdocs\api\castlesiege.php on line 26
[24-Oct-2023 10:31:13 UTC] PHP Notice:  Trying to access array offset on value of type null in A:\xamppFriss\htdocs\api\castlesiege.php on line 26
[24-Oct-2023 10:31:18 UTC] PHP Notice:  Trying to access array offset on value of type null in A:\xamppFriss\htdocs\api\castlesiege.php on line 26
[24-Oct-2023 10:31:48 UTC] PHP Notice:  Undefined index: u in A:\xamppFriss\htdocs\admincp\modules\accountinfo.php on line 19
[24-Oct-2023 10:31:48 UTC] PHP Notice:  Undefined index: editaccount_submit in A:\xamppFriss\htdocs\admincp\modules\accountinfo.php on line 33
[24-Oct-2023 10:32:13 UTC] PHP Notice:  Undefined index: settings_submit in A:\xamppFriss\htdocs\admincp\modules\admincp_access.php on line 17
[24-Oct-2023 10:32:26 UTC] PHP Notice:  Trying to access array offset on value of type null in A:\xamppFriss\htdocs\api\castlesiege.php on line 26
[24-Oct-2023 10:32:31 UTC] PHP Notice:  Trying to access array offset on value of type null in A:\xamppFriss\htdocs\api\castlesiege.php on line 26
[25-Oct-2023 19:37:24 UTC] PHP Notice:  Trying to access array offset on value of type null in A:\xamppFriss\htdocs\api\castlesiege.php on line 26
[25-Oct-2023 19:37:48 UTC] PHP Notice:  Trying to access array offset on value of type null in A:\xamppFriss\htdocs\api\castlesiege.php on line 26
[25-Oct-2023 19:37:52 UTC] PHP Notice:  Trying to access array offset on value of type null in A:\xamppFriss\htdocs\api\castlesiege.php on line 26
[25-Oct-2023 19:37:59 UTC] PHP Notice:  Trying to access array offset on value of type null in A:\xamppFriss\htdocs\api\castlesiege.php on line 26
[25-Oct-2023 20:18:53 UTC] PHP Notice:  Trying to access array offset on value of type null in A:\xamppFriss\htdocs\api\castlesiege.php on line 26
[25-Oct-2023 20:19:16 UTC] PHP Notice:  Trying to access array offset on value of type null in A:\xamppFriss\htdocs\api\castlesiege.php on line 26
[25-Oct-2023 20:22:49 UTC] PHP Notice:  Undefined index: settings_submit in A:\xamppFriss\htdocs\admincp\modules\website_settings.php on line 51
[25-Oct-2023 20:22:52 UTC] PHP Notice:  Undefined index: delete in A:\xamppFriss\htdocs\admincp\modules\navbar.php on line 18
[25-Oct-2023 20:22:52 UTC] PHP Notice:  Undefined index: navbar_submit in A:\xamppFriss\htdocs\admincp\modules\navbar.php on line 44
[25-Oct-2023 20:22:52 UTC] PHP Notice:  Undefined index: new_submit in A:\xamppFriss\htdocs\admincp\modules\navbar.php on line 93
[25-Oct-2023 20:22:52 UTC] PHP Notice:  Undefined index: config in A:\xamppFriss\htdocs\admincp\modules\modules_manager.php on line 76
[25-Oct-2023 20:22:55 UTC] PHP Notice:  Undefined index: submit_changes in A:\xamppFriss\htdocs\admincp\modules\mconfig\rankings.php on line 54
[25-Oct-2023 20:24:01 UTC] PHP Notice:  Trying to access array offset on value of type null in A:\xamppFriss\htdocs\api\castlesiege.php on line 26
[25-Oct-2023 20:24:20 UTC] PHP Notice:  Trying to access array offset on value of type null in A:\xamppFriss\htdocs\api\castlesiege.php on line 26
[25-Oct-2023 20:24:32 UTC] PHP Notice:  Undefined index: action in A:\xamppFriss\htdocs\admincp\modules\cronmanager.php on line 22
[25-Oct-2023 20:24:32 UTC] PHP Notice:  Undefined index: submit in A:\xamppFriss\htdocs\admincp\modules\cronmanager.php on line 64
[25-Oct-2023 20:24:33 UTC] PHP Notice:  Undefined index: action in A:\xamppFriss\htdocs\admincp\modules\cachemanager.php on line 22
[25-Oct-2023 20:24:33 UTC] PHP Notice:  Undefined variable: result in A:\xamppFriss\htdocs\includes\classes\class.cache.php on line 115
[25-Oct-2023 20:24:43 UTC] PHP Notice:  Undefined index: action in A:\xamppFriss\htdocs\admincp\modules\cronmanager.php on line 22
[25-Oct-2023 20:24:43 UTC] PHP Notice:  Undefined index: submit in A:\xamppFriss\htdocs\admincp\modules\cronmanager.php on line 64
[25-Oct-2023 20:24:47 UTC] PHP Notice:  Undefined index: action in A:\xamppFriss\htdocs\admincp\modules\cronmanager.php on line 22
[25-Oct-2023 20:24:47 UTC] PHP Notice:  Undefined index: submit in A:\xamppFriss\htdocs\admincp\modules\cronmanager.php on line 64
[25-Oct-2023 20:24:53 UTC] PHP Notice:  Trying to access array offset on value of type null in A:\xamppFriss\htdocs\api\castlesiege.php on line 26
[25-Oct-2023 20:24:54 UTC] PHP Notice:  Trying to access array offset on value of type null in A:\xamppFriss\htdocs\api\castlesiege.php on line 26
[25-Oct-2023 20:24:55 UTC] PHP Notice:  Trying to access array offset on value of type null in A:\xamppFriss\htdocs\api\castlesiege.php on line 26
[25-Oct-2023 20:24:55 UTC] PHP Notice:  Trying to access array offset on value of type null in A:\xamppFriss\htdocs\api\castlesiege.php on line 26
[25-Oct-2023 20:24:56 UTC] PHP Notice:  Trying to access array offset on value of type null in A:\xamppFriss\htdocs\api\castlesiege.php on line 26
[25-Oct-2023 20:25:08 UTC] PHP Notice:  Trying to access array offset on value of type null in A:\xamppFriss\htdocs\api\castlesiege.php on line 26
[25-Oct-2023 20:25:47 UTC] PHP Notice:  Trying to access array offset on value of type null in A:\xamppFriss\htdocs\api\castlesiege.php on line 26
[25-Oct-2023 20:26:05 UTC] PHP Notice:  Trying to access array offset on value of type null in A:\xamppFriss\htdocs\api\castlesiege.php on line 26
[25-Oct-2023 20:26:08 UTC] PHP Notice:  Trying to access array offset on value of type null in A:\xamppFriss\htdocs\api\castlesiege.php on line 26
[25-Oct-2023 20:26:19 UTC] PHP Notice:  Trying to access array offset on value of type null in A:\xamppFriss\htdocs\api\castlesiege.php on line 26
[25-Oct-2023 20:26:53 UTC] PHP Notice:  Trying to access array offset on value of type null in A:\xamppFriss\htdocs\api\castlesiege.php on line 26
[25-Oct-2023 20:27:03 UTC] PHP Notice:  Trying to access array offset on value of type null in A:\xamppFriss\htdocs\api\castlesiege.php on line 26
[25-Oct-2023 20:27:04 UTC] PHP Notice:  Trying to access array offset on value of type null in A:\xamppFriss\htdocs\api\castlesiege.php on line 26
[25-Oct-2023 20:27:06 UTC] PHP Notice:  Trying to access array offset on value of type null in A:\xamppFriss\htdocs\api\castlesiege.php on line 26
[25-Oct-2023 23:04:36 UTC] PHP Notice:  Trying to access array offset on value of type null in A:\xamppFriss\htdocs\api\castlesiege.php on line 26
[25-Oct-2023 23:04:38 UTC] PHP Notice:  Trying to access array offset on value of type null in A:\xamppFriss\htdocs\api\castlesiege.php on line 26
[25-Oct-2023 23:04:40 UTC] PHP Notice:  Trying to access array offset on value of type null in A:\xamppFriss\htdocs\api\castlesiege.php on line 26
[25-Oct-2023 23:05:10 UTC] PHP Notice:  Trying to access array offset on value of type null in A:\xamppFriss\htdocs\api\castlesiege.php on line 26
[25-Oct-2023 23:05:28 UTC] PHP Notice:  Trying to access array offset on value of type null in A:\xamppFriss\htdocs\api\castlesiege.php on line 26
[25-Oct-2023 23:06:06 UTC] PHP Notice:  Undefined index: settings_submit in A:\xamppFriss\htdocs\admincp\modules\website_settings.php on line 51
[25-Oct-2023 23:06:39 UTC] PHP Notice:  Trying to access array offset on value of type null in A:\xamppFriss\htdocs\api\castlesiege.php on line 26
[25-Oct-2023 23:06:40 UTC] PHP Notice:  Trying to access array offset on value of type null in A:\xamppFriss\htdocs\api\castlesiege.php on line 26
[25-Oct-2023 23:06:40 UTC] PHP Notice:  Trying to access array offset on value of type null in A:\xamppFriss\htdocs\api\castlesiege.php on line 26
[25-Oct-2023 23:06:40 UTC] PHP Notice:  Trying to access array offset on value of type null in A:\xamppFriss\htdocs\api\castlesiege.php on line 26
[25-Oct-2023 23:08:34 UTC] PHP Notice:  Undefined index: config in A:\xamppFriss\htdocs\admincp\modules\modules_manager.php on line 76
[25-Oct-2023 23:08:38 UTC] PHP Notice:  Undefined index: settings_submit in A:\xamppFriss\htdocs\admincp\modules\website_settings.php on line 51
[25-Oct-2023 23:13:04 UTC] PHP Notice:  Trying to access array offset on value of type null in A:\xamppFriss\htdocs\api\castlesiege.php on line 26
[25-Oct-2023 23:13:04 UTC] PHP Notice:  Trying to access array offset on value of type null in A:\xamppFriss\htdocs\api\castlesiege.php on line 26
[25-Oct-2023 23:13:05 UTC] PHP Notice:  Trying to access array offset on value of type null in A:\xamppFriss\htdocs\api\castlesiege.php on line 26
[25-Oct-2023 23:13:06 UTC] PHP Notice:  Trying to access array offset on value of type null in A:\xamppFriss\htdocs\api\castlesiege.php on line 26
[25-Oct-2023 23:13:49 UTC] PHP Notice:  Trying to access array offset on value of type null in A:\xamppFriss\htdocs\api\castlesiege.php on line 26
[25-Oct-2023 23:13:50 UTC] PHP Notice:  Trying to access array offset on value of type null in A:\xamppFriss\htdocs\api\castlesiege.php on line 26
[25-Oct-2023 23:13:50 UTC] PHP Notice:  Trying to access array offset on value of type null in A:\xamppFriss\htdocs\api\castlesiege.php on line 26
[25-Oct-2023 23:13:50 UTC] PHP Notice:  Trying to access array offset on value of type null in A:\xamppFriss\htdocs\api\castlesiege.php on line 26
[25-Oct-2023 23:13:50 UTC] PHP Notice:  Trying to access array offset on value of type null in A:\xamppFriss\htdocs\api\castlesiege.php on line 26
[25-Oct-2023 23:13:50 UTC] PHP Notice:  Trying to access array offset on value of type null in A:\xamppFriss\htdocs\api\castlesiege.php on line 26
[25-Oct-2023 23:14:12 UTC] PHP Notice:  Trying to access array offset on value of type null in A:\xamppFriss\htdocs\api\castlesiege.php on line 26
[25-Oct-2023 23:14:12 UTC] PHP Notice:  Trying to access array offset on value of type null in A:\xamppFriss\htdocs\api\castlesiege.php on line 26
[25-Oct-2023 23:14:12 UTC] PHP Notice:  Trying to access array offset on value of type null in A:\xamppFriss\htdocs\api\castlesiege.php on line 26
[25-Oct-2023 23:14:12 UTC] PHP Notice:  Trying to access array offset on value of type null in A:\xamppFriss\htdocs\api\castlesiege.php on line 26
[25-Oct-2023 23:14:15 UTC] PHP Notice:  Trying to access array offset on value of type null in A:\xamppFriss\htdocs\api\castlesiege.php on line 26
[25-Oct-2023 23:15:40 UTC] PHP Notice:  Trying to access array offset on value of type null in A:\xamppFriss\htdocs\api\castlesiege.php on line 26
[25-Oct-2023 23:15:41 UTC] PHP Notice:  Trying to access array offset on value of type null in A:\xamppFriss\htdocs\api\castlesiege.php on line 26
[25-Oct-2023 23:15:41 UTC] PHP Notice:  Trying to access array offset on value of type null in A:\xamppFriss\htdocs\api\castlesiege.php on line 26
[25-Oct-2023 23:15:41 UTC] PHP Notice:  Trying to access array offset on value of type null in A:\xamppFriss\htdocs\api\castlesiege.php on line 26
[25-Oct-2023 23:15:42 UTC] PHP Notice:  Trying to access array offset on value of type null in A:\xamppFriss\htdocs\api\castlesiege.php on line 26
[25-Oct-2023 23:20:49 UTC] PHP Notice:  Trying to access array offset on value of type null in A:\xamppFriss\htdocs\api\castlesiege.php on line 26
[25-Oct-2023 23:21:55 UTC] PHP Notice:  Trying to access array offset on value of type null in A:\xamppFriss\htdocs\api\castlesiege.php on line 26
[25-Oct-2023 23:21:56 UTC] PHP Notice:  Trying to access array offset on value of type null in A:\xamppFriss\htdocs\api\castlesiege.php on line 26
[25-Oct-2023 23:22:05 UTC] PHP Notice:  Trying to access array offset on value of type null in A:\xamppFriss\htdocs\api\castlesiege.php on line 26
[25-Oct-2023 23:24:34 UTC] PHP Notice:  Trying to access array offset on value of type null in A:\xamppFriss\htdocs\api\castlesiege.php on line 26
[25-Oct-2023 23:28:53 UTC] PHP Notice:  Trying to access array offset on value of type null in A:\xamppFriss\htdocs\api\castlesiege.php on line 26
[25-Oct-2023 23:29:01 UTC] PHP Notice:  Trying to access array offset on value of type null in A:\xamppFriss\htdocs\api\castlesiege.php on line 26
[25-Oct-2023 23:29:02 UTC] PHP Notice:  Trying to access array offset on value of type null in A:\xamppFriss\htdocs\api\castlesiege.php on line 26
[25-Oct-2023 23:29:02 UTC] PHP Notice:  Trying to access array offset on value of type null in A:\xamppFriss\htdocs\api\castlesiege.php on line 26
[25-Oct-2023 23:29:02 UTC] PHP Notice:  Trying to access array offset on value of type null in A:\xamppFriss\htdocs\api\castlesiege.php on line 26
[25-Oct-2023 23:31:30 UTC] PHP Notice:  Trying to access array offset on value of type null in A:\xamppFriss\htdocs\api\castlesiege.php on line 26
[25-Oct-2023 23:31:31 UTC] PHP Notice:  Trying to access array offset on value of type null in A:\xamppFriss\htdocs\api\castlesiege.php on line 26
[25-Oct-2023 23:31:31 UTC] PHP Notice:  Trying to access array offset on value of type null in A:\xamppFriss\htdocs\api\castlesiege.php on line 26
[25-Oct-2023 23:31:31 UTC] PHP Notice:  Trying to access array offset on value of type null in A:\xamppFriss\htdocs\api\castlesiege.php on line 26
[25-Oct-2023 23:31:31 UTC] PHP Notice:  Trying to access array offset on value of type null in A:\xamppFriss\htdocs\api\castlesiege.php on line 26
[25-Oct-2023 23:31:31 UTC] PHP Notice:  Trying to access array offset on value of type null in A:\xamppFriss\htdocs\api\castlesiege.php on line 26
[25-Oct-2023 23:32:44 UTC] PHP Notice:  Trying to access array offset on value of type null in A:\xamppFriss\htdocs\api\castlesiege.php on line 26
[25-Oct-2023 23:55:04 UTC] PHP Notice:  Trying to access array offset on value of type null in A:\xamppFriss\htdocs\api\castlesiege.php on line 26
[25-Oct-2023 23:58:21 UTC] PHP Notice:  Trying to access array offset on value of type null in A:\xamppFriss\htdocs\api\castlesiege.php on line 26
[26-Oct-2023 00:03:54 UTC] PHP Notice:  Trying to access array offset on value of type null in A:\xamppFriss\htdocs\api\castlesiege.php on line 26
[26-Oct-2023 00:03:59 UTC] PHP Notice:  Trying to access array offset on value of type null in A:\xamppFriss\htdocs\api\castlesiege.php on line 26
[26-Oct-2023 00:04:15 UTC] PHP Notice:  Trying to access array offset on value of type null in A:\xamppFriss\htdocs\api\castlesiege.php on line 26
[26-Oct-2023 00:05:06 UTC] PHP Notice:  Trying to access array offset on value of type null in A:\xamppFriss\htdocs\api\castlesiege.php on line 26
[26-Oct-2023 00:05:10 UTC] PHP Notice:  Trying to access array offset on value of type null in A:\xamppFriss\htdocs\api\castlesiege.php on line 26
[26-Oct-2023 00:05:10 UTC] PHP Notice:  Trying to access array offset on value of type null in A:\xamppFriss\htdocs\api\castlesiege.php on line 26
[26-Oct-2023 00:05:13 UTC] PHP Notice:  Trying to access array offset on value of type null in A:\xamppFriss\htdocs\api\castlesiege.php on line 26
[26-Oct-2023 00:07:06 UTC] PHP Notice:  Trying to access array offset on value of type null in A:\xamppFriss\htdocs\api\castlesiege.php on line 26
[26-Oct-2023 00:07:08 UTC] PHP Notice:  Trying to access array offset on value of type null in A:\xamppFriss\htdocs\api\castlesiege.php on line 26
[26-Oct-2023 00:07:09 UTC] PHP Notice:  Trying to access array offset on value of type null in A:\xamppFriss\htdocs\api\castlesiege.php on line 26
[26-Oct-2023 00:07:50 UTC] PHP Notice:  Trying to access array offset on value of type null in A:\xamppFriss\htdocs\api\castlesiege.php on line 26
[26-Oct-2023 00:07:51 UTC] PHP Notice:  Trying to access array offset on value of type null in A:\xamppFriss\htdocs\api\castlesiege.php on line 26
[26-Oct-2023 00:07:51 UTC] PHP Notice:  Trying to access array offset on value of type null in A:\xamppFriss\htdocs\api\castlesiege.php on line 26
[26-Oct-2023 00:07:51 UTC] PHP Notice:  Trying to access array offset on value of type null in A:\xamppFriss\htdocs\api\castlesiege.php on line 26
[26-Oct-2023 00:07:51 UTC] PHP Notice:  Trying to access array offset on value of type null in A:\xamppFriss\htdocs\api\castlesiege.php on line 26
[26-Oct-2023 00:07:52 UTC] PHP Notice:  Trying to access array offset on value of type null in A:\xamppFriss\htdocs\api\castlesiege.php on line 26
[26-Oct-2023 00:08:05 UTC] PHP Notice:  Trying to access array offset on value of type null in A:\xamppFriss\htdocs\api\castlesiege.php on line 26
[26-Oct-2023 00:08:05 UTC] PHP Notice:  Trying to access array offset on value of type null in A:\xamppFriss\htdocs\api\castlesiege.php on line 26
[26-Oct-2023 00:08:12 UTC] PHP Notice:  Trying to access array offset on value of type null in A:\xamppFriss\htdocs\api\castlesiege.php on line 26
[26-Oct-2023 00:08:13 UTC] PHP Notice:  Trying to access array offset on value of type null in A:\xamppFriss\htdocs\api\castlesiege.php on line 26
[26-Oct-2023 00:08:46 UTC] PHP Notice:  Trying to access array offset on value of type null in A:\xamppFriss\htdocs\api\castlesiege.php on line 26
[26-Oct-2023 00:08:47 UTC] PHP Notice:  Trying to access array offset on value of type null in A:\xamppFriss\htdocs\api\castlesiege.php on line 26
[26-Oct-2023 00:09:29 UTC] PHP Notice:  Trying to access array offset on value of type null in A:\xamppFriss\htdocs\api\castlesiege.php on line 26
[26-Oct-2023 00:09:30 UTC] PHP Notice:  Trying to access array offset on value of type null in A:\xamppFriss\htdocs\api\castlesiege.php on line 26
[26-Oct-2023 00:09:31 UTC] PHP Notice:  Trying to access array offset on value of type null in A:\xamppFriss\htdocs\api\castlesiege.php on line 26
[26-Oct-2023 00:10:37 UTC] PHP Notice:  Trying to access array offset on value of type null in A:\xamppFriss\htdocs\api\castlesiege.php on line 26
[26-Oct-2023 08:05:42 UTC] PHP Notice:  Trying to access array offset on value of type null in A:\xamppFriss\htdocs\api\castlesiege.php on line 26
[26-Oct-2023 08:06:41 UTC] PHP Notice:  Trying to access array offset on value of type null in A:\xamppFriss\htdocs\api\castlesiege.php on line 26
[26-Oct-2023 08:06:53 UTC] PHP Notice:  Trying to access array offset on value of type null in A:\xamppFriss\htdocs\api\castlesiege.php on line 26
[26-Oct-2023 08:06:54 UTC] PHP Notice:  Trying to access array offset on value of type null in A:\xamppFriss\htdocs\api\castlesiege.php on line 26
[26-Oct-2023 08:06:54 UTC] PHP Notice:  Trying to access array offset on value of type null in A:\xamppFriss\htdocs\api\castlesiege.php on line 26
[26-Oct-2023 08:07:02 UTC] PHP Notice:  Trying to access array offset on value of type null in A:\xamppFriss\htdocs\api\castlesiege.php on line 26
[26-Oct-2023 08:07:09 UTC] PHP Notice:  Trying to access array offset on value of type null in A:\xamppFriss\htdocs\api\castlesiege.php on line 26
[26-Oct-2023 08:07:12 UTC] PHP Notice:  Trying to access array offset on value of type null in A:\xamppFriss\htdocs\api\castlesiege.php on line 26
[26-Oct-2023 08:07:16 UTC] PHP Notice:  Undefined index: settings_submit in A:\xamppFriss\htdocs\admincp\modules\website_settings.php on line 51
[26-Oct-2023 08:07:18 UTC] PHP Notice:  Undefined index: config in A:\xamppFriss\htdocs\admincp\modules\modules_manager.php on line 76
[26-Oct-2023 08:07:37 UTC] PHP Notice:  Undefined index: submit_changes in A:\xamppFriss\htdocs\admincp\modules\mconfig\vote.php on line 44
[26-Oct-2023 08:07:37 UTC] PHP Notice:  Undefined index: votesite_add_submit in A:\xamppFriss\htdocs\admincp\modules\mconfig\vote.php on line 48
[26-Oct-2023 08:07:37 UTC] PHP Notice:  Undefined index: deletesite in A:\xamppFriss\htdocs\admincp\modules\mconfig\vote.php on line 57
[26-Oct-2023 08:07:41 UTC] PHP Notice:  Undefined index: submit_changes in A:\xamppFriss\htdocs\admincp\modules\mconfig\myaccount.php on line 37
[26-Oct-2023 08:07:43 UTC] PHP Notice:  Undefined index: submit_changes in A:\xamppFriss\htdocs\admincp\modules\mconfig\addstats.php on line 68
[26-Oct-2023 08:07:47 UTC] PHP Notice:  Undefined index: submit_changes in A:\xamppFriss\htdocs\admincp\modules\mconfig\vote.php on line 44
[26-Oct-2023 08:07:47 UTC] PHP Notice:  Undefined index: votesite_add_submit in A:\xamppFriss\htdocs\admincp\modules\mconfig\vote.php on line 48
[26-Oct-2023 08:07:47 UTC] PHP Notice:  Undefined index: deletesite in A:\xamppFriss\htdocs\admincp\modules\mconfig\vote.php on line 57
[26-Oct-2023 08:07:49 UTC] PHP Notice:  Undefined index: submit_changes in A:\xamppFriss\htdocs\admincp\modules\mconfig\clearpk.php on line 51
[26-Oct-2023 08:07:50 UTC] PHP Notice:  Undefined index: submit_changes in A:\xamppFriss\htdocs\admincp\modules\mconfig\mypassword.php on line 39
[26-Oct-2023 08:07:52 UTC] PHP Notice:  Undefined index: submit_changes in A:\xamppFriss\htdocs\admincp\modules\mconfig\resetstats.php on line 51
[26-Oct-2023 08:07:55 UTC] PHP Notice:  Undefined index: submit_changes in A:\xamppFriss\htdocs\admincp\modules\mconfig\buyzen.php on line 40
[26-Oct-2023 08:08:06 UTC] PHP Notice:  Undefined index: settings_submit in A:\xamppFriss\htdocs\admincp\modules\website_settings.php on line 51
[26-Oct-2023 08:08:07 UTC] PHP Notice:  Undefined index: config in A:\xamppFriss\htdocs\admincp\modules\modules_manager.php on line 76
[26-Oct-2023 08:08:07 UTC] PHP Notice:  Undefined index: delete in A:\xamppFriss\htdocs\admincp\modules\navbar.php on line 18
[26-Oct-2023 08:08:07 UTC] PHP Notice:  Undefined index: navbar_submit in A:\xamppFriss\htdocs\admincp\modules\navbar.php on line 44
[26-Oct-2023 08:08:07 UTC] PHP Notice:  Undefined index: new_submit in A:\xamppFriss\htdocs\admincp\modules\navbar.php on line 93
[26-Oct-2023 08:08:12 UTC] PHP Notice:  Undefined index: config in A:\xamppFriss\htdocs\admincp\modules\modules_manager.php on line 76
[26-Oct-2023 08:08:13 UTC] PHP Notice:  Undefined index: delete in A:\xamppFriss\htdocs\admincp\modules\usercp.php on line 18
[26-Oct-2023 08:08:13 UTC] PHP Notice:  Undefined index: usercp_submit in A:\xamppFriss\htdocs\admincp\modules\usercp.php on line 44
[26-Oct-2023 08:08:13 UTC] PHP Notice:  Undefined index: new_submit in A:\xamppFriss\htdocs\admincp\modules\usercp.php on line 95
[26-Oct-2023 08:08:43 UTC] PHP Notice:  Undefined index: settings_submit in A:\xamppFriss\htdocs\admincp\modules\admincp_access.php on line 17
[26-Oct-2023 08:08:45 UTC] PHP Notice:  Undefined index: config in A:\xamppFriss\htdocs\admincp\modules\modules_manager.php on line 76
[26-Oct-2023 08:08:50 UTC] PHP Notice:  Trying to access array offset on value of type null in A:\xamppFriss\htdocs\api\castlesiege.php on line 26
[26-Oct-2023 08:09:04 UTC] PHP Notice:  Undefined index: config in A:\xamppFriss\htdocs\admincp\modules\modules_manager.php on line 76
[26-Oct-2023 08:09:06 UTC] PHP Notice:  Undefined index: settings_submit in A:\xamppFriss\htdocs\admincp\modules\website_settings.php on line 51
[26-Oct-2023 08:09:08 UTC] PHP Notice:  Undefined index: settings_submit in A:\xamppFriss\htdocs\admincp\modules\connection_settings.php on line 29
[26-Oct-2023 08:09:08 UTC] PHP Notice:  Undefined index: SQL_ENABLE_MD5 in A:\xamppFriss\htdocs\includes\functions.php on line 272
[26-Oct-2023 08:09:08 UTC] PHP Notice:  Undefined index: SQL_ENABLE_MD5 in A:\xamppFriss\htdocs\includes\functions.php on line 272
[26-Oct-2023 08:09:28 UTC] PHP Notice:  Undefined index: config in A:\xamppFriss\htdocs\admincp\modules\modules_manager.php on line 76
[26-Oct-2023 08:09:41 UTC] PHP Notice:  Undefined index: submit_changes in A:\xamppFriss\htdocs\admincp\modules\mconfig\castlesiege.php on line 128
[26-Oct-2023 08:09:41 UTC] PHP Notice:  Undefined variable: result in A:\xamppFriss\htdocs\admincp\inc\functions.php on line 139
[26-Oct-2023 08:09:41 UTC] PHP Notice:  Undefined variable: result in A:\xamppFriss\htdocs\admincp\inc\functions.php on line 141
[26-Oct-2023 08:09:41 UTC] PHP Notice:  Undefined variable: result in A:\xamppFriss\htdocs\admincp\inc\functions.php on line 141
[26-Oct-2023 08:09:41 UTC] PHP Notice:  Undefined variable: result in A:\xamppFriss\htdocs\admincp\inc\functions.php on line 141
[26-Oct-2023 08:09:41 UTC] PHP Notice:  Undefined variable: result in A:\xamppFriss\htdocs\admincp\inc\functions.php on line 141
[26-Oct-2023 08:09:41 UTC] PHP Notice:  Undefined variable: result in A:\xamppFriss\htdocs\admincp\inc\functions.php on line 141
[26-Oct-2023 08:09:41 UTC] PHP Notice:  Undefined variable: result in A:\xamppFriss\htdocs\admincp\inc\functions.php on line 141
[26-Oct-2023 08:09:41 UTC] PHP Notice:  Undefined variable: result in A:\xamppFriss\htdocs\admincp\inc\functions.php on line 141
[26-Oct-2023 08:09:41 UTC] PHP Notice:  Undefined variable: result in A:\xamppFriss\htdocs\admincp\inc\functions.php on line 141
[26-Oct-2023 08:09:41 UTC] PHP Notice:  Undefined variable: result in A:\xamppFriss\htdocs\admincp\inc\functions.php on line 141
[26-Oct-2023 08:09:41 UTC] PHP Notice:  Undefined variable: result in A:\xamppFriss\htdocs\admincp\inc\functions.php on line 141
[26-Oct-2023 08:09:41 UTC] PHP Notice:  Undefined variable: result in A:\xamppFriss\htdocs\admincp\inc\functions.php on line 141
[26-Oct-2023 08:09:41 UTC] PHP Notice:  Undefined variable: result in A:\xamppFriss\htdocs\admincp\inc\functions.php on line 141
[26-Oct-2023 08:09:41 UTC] PHP Notice:  Undefined variable: result in A:\xamppFriss\htdocs\admincp\inc\functions.php on line 141
[26-Oct-2023 08:09:41 UTC] PHP Notice:  Undefined variable: result in A:\xamppFriss\htdocs\admincp\inc\functions.php on line 141
[26-Oct-2023 08:09:41 UTC] PHP Notice:  Undefined variable: result in A:\xamppFriss\htdocs\admincp\inc\functions.php on line 141
[26-Oct-2023 08:09:48 UTC] PHP Notice:  Undefined index: delete in A:\xamppFriss\htdocs\admincp\modules\navbar.php on line 18
[26-Oct-2023 08:09:48 UTC] PHP Notice:  Undefined index: navbar_submit in A:\xamppFriss\htdocs\admincp\modules\navbar.php on line 44
[26-Oct-2023 08:09:48 UTC] PHP Notice:  Undefined index: new_submit in A:\xamppFriss\htdocs\admincp\modules\navbar.php on line 93
[26-Oct-2023 08:16:08 UTC] PHP Notice:  Trying to access array offset on value of type null in A:\xamppFriss\htdocs\api\castlesiege.php on line 26
[26-Oct-2023 08:16:11 UTC] PHP Notice:  Trying to access array offset on value of type null in A:\xamppFriss\htdocs\api\castlesiege.php on line 26
[26-Oct-2023 08:21:00 UTC] PHP Notice:  Trying to access array offset on value of type null in A:\xamppFriss\htdocs\api\castlesiege.php on line 26
[26-Oct-2023 08:21:00 UTC] PHP Notice:  Trying to access array offset on value of type null in A:\xamppFriss\htdocs\api\castlesiege.php on line 26
[26-Oct-2023 08:21:13 UTC] PHP Notice:  Trying to access array offset on value of type null in A:\xamppFriss\htdocs\api\castlesiege.php on line 26
[26-Oct-2023 08:21:14 UTC] PHP Notice:  Trying to access array offset on value of type null in A:\xamppFriss\htdocs\api\castlesiege.php on line 26
[26-Oct-2023 08:21:15 UTC] PHP Notice:  Trying to access array offset on value of type null in A:\xamppFriss\htdocs\api\castlesiege.php on line 26
[26-Oct-2023 08:21:26 UTC] PHP Notice:  Trying to access array offset on value of type null in A:\xamppFriss\htdocs\api\castlesiege.php on line 26
[26-Oct-2023 08:21:29 UTC] PHP Notice:  Trying to access array offset on value of type null in A:\xamppFriss\htdocs\api\castlesiege.php on line 26
[26-Oct-2023 08:21:42 UTC] PHP Notice:  Trying to access array offset on value of type null in A:\xamppFriss\htdocs\api\castlesiege.php on line 26
[26-Oct-2023 08:21:49 UTC] PHP Notice:  Undefined index: settings_submit in A:\xamppFriss\htdocs\admincp\modules\admincp_access.php on line 17
[26-Oct-2023 08:21:50 UTC] PHP Notice:  Undefined index: settings_submit in A:\xamppFriss\htdocs\admincp\modules\connection_settings.php on line 29
[26-Oct-2023 08:21:50 UTC] PHP Notice:  Undefined index: SQL_ENABLE_MD5 in A:\xamppFriss\htdocs\includes\functions.php on line 272
[26-Oct-2023 08:21:50 UTC] PHP Notice:  Undefined index: SQL_ENABLE_MD5 in A:\xamppFriss\htdocs\includes\functions.php on line 272
[26-Oct-2023 08:21:52 UTC] PHP Notice:  Undefined index: settings_submit in A:\xamppFriss\htdocs\admincp\modules\website_settings.php on line 51
[26-Oct-2023 08:21:53 UTC] PHP Notice:  Undefined index: config in A:\xamppFriss\htdocs\admincp\modules\modules_manager.php on line 76
[26-Oct-2023 08:21:59 UTC] PHP Notice:  Undefined index: delete in A:\xamppFriss\htdocs\admincp\modules\navbar.php on line 18
[26-Oct-2023 08:21:59 UTC] PHP Notice:  Undefined index: navbar_submit in A:\xamppFriss\htdocs\admincp\modules\navbar.php on line 44
[26-Oct-2023 08:21:59 UTC] PHP Notice:  Undefined index: new_submit in A:\xamppFriss\htdocs\admincp\modules\navbar.php on line 93
[26-Oct-2023 08:22:00 UTC] PHP Notice:  Undefined index: config in A:\xamppFriss\htdocs\admincp\modules\modules_manager.php on line 76
[26-Oct-2023 08:22:05 UTC] PHP Notice:  Undefined index: action in A:\xamppFriss\htdocs\admincp\modules\cronmanager.php on line 22
[26-Oct-2023 08:22:05 UTC] PHP Notice:  Undefined index: submit in A:\xamppFriss\htdocs\admincp\modules\cronmanager.php on line 64
[26-Oct-2023 08:22:16 UTC] PHP Notice:  Trying to access array offset on value of type null in A:\xamppFriss\htdocs\api\castlesiege.php on line 26
[26-Oct-2023 08:22:18 UTC] PHP Notice:  Trying to access array offset on value of type null in A:\xamppFriss\htdocs\api\castlesiege.php on line 26
[26-Oct-2023 08:22:48 UTC] PHP Notice:  Undefined index: action in A:\xamppFriss\htdocs\admincp\modules\cronmanager.php on line 22
[26-Oct-2023 08:22:48 UTC] PHP Notice:  Undefined index: submit in A:\xamppFriss\htdocs\admincp\modules\cronmanager.php on line 64
[26-Oct-2023 08:32:15 UTC] PHP Notice:  Trying to access array offset on value of type null in A:\xamppFriss\htdocs\api\castlesiege.php on line 26
[26-Oct-2023 08:32:17 UTC] PHP Notice:  Trying to access array offset on value of type null in A:\xamppFriss\htdocs\api\castlesiege.php on line 26
[26-Oct-2023 08:32:19 UTC] PHP Notice:  Trying to access array offset on value of type null in A:\xamppFriss\htdocs\api\castlesiege.php on line 26
[26-Oct-2023 08:32:24 UTC] PHP Notice:  Trying to access array offset on value of type null in A:\xamppFriss\htdocs\api\castlesiege.php on line 26
[26-Oct-2023 08:32:52 UTC] PHP Notice:  Trying to access array offset on value of type null in A:\xamppFriss\htdocs\api\castlesiege.php on line 26
[26-Oct-2023 08:33:10 UTC] PHP Notice:  Trying to access array offset on value of type null in A:\xamppFriss\htdocs\api\castlesiege.php on line 26
[26-Oct-2023 08:33:24 UTC] PHP Notice:  Trying to access array offset on value of type null in A:\xamppFriss\htdocs\api\castlesiege.php on line 26
[26-Oct-2023 08:33:24 UTC] PHP Notice:  Trying to access array offset on value of type null in A:\xamppFriss\htdocs\api\castlesiege.php on line 26
[26-Oct-2023 08:33:45 UTC] PHP Notice:  Trying to access array offset on value of type null in A:\xamppFriss\htdocs\api\castlesiege.php on line 26
[26-Oct-2023 08:33:49 UTC] PHP Notice:  Trying to access array offset on value of type null in A:\xamppFriss\htdocs\api\castlesiege.php on line 26
[26-Oct-2023 08:33:55 UTC] PHP Notice:  Undefined index: config in A:\xamppFriss\htdocs\admincp\modules\modules_manager.php on line 76
[26-Oct-2023 08:33:58 UTC] PHP Notice:  Undefined index: submit_changes in A:\xamppFriss\htdocs\admincp\modules\mconfig\rankings.php on line 54
[26-Oct-2023 08:34:30 UTC] PHP Notice:  Trying to access array offset on value of type null in A:\xamppFriss\htdocs\api\castlesiege.php on line 26
[26-Oct-2023 08:34:31 UTC] PHP Notice:  Trying to access array offset on value of type null in A:\xamppFriss\htdocs\api\castlesiege.php on line 26
[26-Oct-2023 08:34:32 UTC] PHP Notice:  Trying to access array offset on value of type null in A:\xamppFriss\htdocs\api\castlesiege.php on line 26
[26-Oct-2023 08:34:41 UTC] PHP Notice:  Undefined index: action in A:\xamppFriss\htdocs\admincp\modules\cronmanager.php on line 22
[26-Oct-2023 08:34:41 UTC] PHP Notice:  Undefined index: submit in A:\xamppFriss\htdocs\admincp\modules\cronmanager.php on line 64
[26-Oct-2023 08:34:42 UTC] PHP Notice:  Undefined index: action in A:\xamppFriss\htdocs\admincp\modules\cronmanager.php on line 22
[26-Oct-2023 08:34:42 UTC] PHP Notice:  Undefined index: submit in A:\xamppFriss\htdocs\admincp\modules\cronmanager.php on line 64
[26-Oct-2023 08:34:50 UTC] PHP Notice:  Trying to access array offset on value of type null in A:\xamppFriss\htdocs\api\castlesiege.php on line 26
[26-Oct-2023 08:34:56 UTC] PHP Notice:  Trying to access array offset on value of type null in A:\xamppFriss\htdocs\api\castlesiege.php on line 26
[26-Oct-2023 08:35:09 UTC] PHP Notice:  Trying to access array offset on value of type null in A:\xamppFriss\htdocs\api\castlesiege.php on line 26
[26-Oct-2023 08:35:12 UTC] PHP Notice:  Trying to access array offset on value of type null in A:\xamppFriss\htdocs\api\castlesiege.php on line 26
[26-Oct-2023 08:35:21 UTC] PHP Notice:  Trying to access array offset on value of type null in A:\xamppFriss\htdocs\api\castlesiege.php on line 26
[26-Oct-2023 08:35:30 UTC] PHP Notice:  Trying to access array offset on value of type null in A:\xamppFriss\htdocs\api\castlesiege.php on line 26
[26-Oct-2023 08:35:36 UTC] PHP Notice:  Trying to access array offset on value of type null in A:\xamppFriss\htdocs\api\castlesiege.php on line 26
[26-Oct-2023 08:35:50 UTC] PHP Notice:  Undefined index: config in A:\xamppFriss\htdocs\admincp\modules\modules_manager.php on line 76
[26-Oct-2023 08:35:52 UTC] PHP Notice:  Undefined index: submit_changes in A:\xamppFriss\htdocs\admincp\modules\mconfig\rankings.php on line 54
[26-Oct-2023 08:36:25 UTC] PHP Notice:  Trying to access array offset on value of type null in A:\xamppFriss\htdocs\api\castlesiege.php on line 26
[26-Oct-2023 08:36:29 UTC] PHP Notice:  Trying to access array offset on value of type null in A:\xamppFriss\htdocs\api\castlesiege.php on line 26
[26-Oct-2023 08:38:26 UTC] PHP Notice:  Trying to access array offset on value of type null in A:\xamppFriss\htdocs\api\castlesiege.php on line 26
[26-Oct-2023 08:38:35 UTC] PHP Notice:  Trying to access array offset on value of type null in A:\xamppFriss\htdocs\api\castlesiege.php on line 26
[26-Oct-2023 08:42:41 UTC] PHP Notice:  Trying to access array offset on value of type null in A:\xamppFriss\htdocs\api\castlesiege.php on line 26
[26-Oct-2023 08:43:09 UTC] PHP Notice:  Trying to access array offset on value of type null in A:\xamppFriss\htdocs\api\castlesiege.php on line 26
[26-Oct-2023 08:43:28 UTC] PHP Notice:  Trying to access array offset on value of type null in A:\xamppFriss\htdocs\api\castlesiege.php on line 26
[26-Oct-2023 08:43:29 UTC] PHP Notice:  Trying to access array offset on value of type null in A:\xamppFriss\htdocs\api\castlesiege.php on line 26
[26-Oct-2023 08:44:55 UTC] PHP Notice:  Trying to access array offset on value of type null in A:\xamppFriss\htdocs\api\castlesiege.php on line 26
[26-Oct-2023 08:45:04 UTC] PHP Notice:  Trying to access array offset on value of type null in A:\xamppFriss\htdocs\api\castlesiege.php on line 26
[26-Oct-2023 08:45:17 UTC] PHP Notice:  Undefined index: config in A:\xamppFriss\htdocs\admincp\modules\modules_manager.php on line 76
[26-Oct-2023 08:45:19 UTC] PHP Notice:  Undefined index: submit_changes in A:\xamppFriss\htdocs\admincp\modules\mconfig\profiles.php on line 37
[26-Oct-2023 08:45:21 UTC] PHP Notice:  Undefined index: submit_changes in A:\xamppFriss\htdocs\admincp\modules\mconfig\rankings.php on line 54
[26-Oct-2023 08:46:02 UTC] PHP Notice:  Trying to access array offset on value of type null in A:\xamppFriss\htdocs\api\castlesiege.php on line 26
[26-Oct-2023 08:46:04 UTC] PHP Notice:  Trying to access array offset on value of type null in A:\xamppFriss\htdocs\api\castlesiege.php on line 26
[26-Oct-2023 08:46:06 UTC] PHP Notice:  Trying to access array offset on value of type null in A:\xamppFriss\htdocs\api\castlesiege.php on line 26
[26-Oct-2023 08:46:09 UTC] PHP Notice:  Trying to access array offset on value of type null in A:\xamppFriss\htdocs\api\castlesiege.php on line 26
[26-Oct-2023 08:46:10 UTC] PHP Notice:  Trying to access array offset on value of type null in A:\xamppFriss\htdocs\api\castlesiege.php on line 26
[26-Oct-2023 08:46:10 UTC] PHP Notice:  Trying to access array offset on value of type null in A:\xamppFriss\htdocs\api\castlesiege.php on line 26
[26-Oct-2023 08:46:11 UTC] PHP Notice:  Trying to access array offset on value of type null in A:\xamppFriss\htdocs\api\castlesiege.php on line 26
[26-Oct-2023 08:46:12 UTC] PHP Notice:  Trying to access array offset on value of type null in A:\xamppFriss\htdocs\api\castlesiege.php on line 26
[26-Oct-2023 08:46:12 UTC] PHP Notice:  Trying to access array offset on value of type null in A:\xamppFriss\htdocs\api\castlesiege.php on line 26
[26-Oct-2023 08:46:13 UTC] PHP Notice:  Trying to access array offset on value of type null in A:\xamppFriss\htdocs\api\castlesiege.php on line 26
[26-Oct-2023 08:47:22 UTC] PHP Notice:  Trying to access array offset on value of type null in A:\xamppFriss\htdocs\api\castlesiege.php on line 26
[26-Oct-2023 08:47:24 UTC] PHP Notice:  Trying to access array offset on value of type null in A:\xamppFriss\htdocs\api\castlesiege.php on line 26
[26-Oct-2023 08:47:25 UTC] PHP Notice:  Trying to access array offset on value of type null in A:\xamppFriss\htdocs\api\castlesiege.php on line 26
[26-Oct-2023 08:47:27 UTC] PHP Notice:  Trying to access array offset on value of type null in A:\xamppFriss\htdocs\api\castlesiege.php on line 26
[26-Oct-2023 08:47:30 UTC] PHP Notice:  Trying to access array offset on value of type null in A:\xamppFriss\htdocs\api\castlesiege.php on line 26
[26-Oct-2023 08:48:29 UTC] PHP Notice:  Undefined index: new_submit in A:\xamppFriss\htdocs\admincp\modules\creditsconfigs.php on line 19
[26-Oct-2023 08:48:29 UTC] PHP Notice:  Undefined index: edit_submit in A:\xamppFriss\htdocs\admincp\modules\creditsconfigs.php on line 46
[26-Oct-2023 08:48:29 UTC] PHP Notice:  Undefined index: delete in A:\xamppFriss\htdocs\admincp\modules\creditsconfigs.php on line 75
[26-Oct-2023 08:48:29 UTC] PHP Notice:  Undefined index: edit in A:\xamppFriss\htdocs\admincp\modules\creditsconfigs.php on line 87
[26-Oct-2023 08:48:48 UTC] PHP Notice:  Undefined index: new_submit in A:\xamppFriss\htdocs\admincp\modules\creditsconfigs.php on line 19
[26-Oct-2023 08:48:48 UTC] PHP Notice:  Undefined index: edit_submit in A:\xamppFriss\htdocs\admincp\modules\creditsconfigs.php on line 46
[26-Oct-2023 08:48:48 UTC] PHP Notice:  Undefined index: delete in A:\xamppFriss\htdocs\admincp\modules\creditsconfigs.php on line 75
[26-Oct-2023 08:48:48 UTC] PHP Notice:  Undefined index: edit in A:\xamppFriss\htdocs\admincp\modules\creditsconfigs.php on line 87
[26-Oct-2023 08:48:53 UTC] PHP Notice:  Undefined index: new_submit in A:\xamppFriss\htdocs\admincp\modules\creditsconfigs.php on line 19
[26-Oct-2023 08:48:53 UTC] PHP Notice:  Undefined index: edit_submit in A:\xamppFriss\htdocs\admincp\modules\creditsconfigs.php on line 46
[26-Oct-2023 08:48:53 UTC] PHP Notice:  Undefined index: delete in A:\xamppFriss\htdocs\admincp\modules\creditsconfigs.php on line 75
[26-Oct-2023 08:48:53 UTC] PHP Notice:  Undefined index: edit in A:\xamppFriss\htdocs\admincp\modules\creditsconfigs.php on line 87
[26-Oct-2023 09:02:55 UTC] PHP Notice:  Trying to access array offset on value of type null in A:\xamppFriss\htdocs\api\castlesiege.php on line 26
[26-Oct-2023 09:02:57 UTC] PHP Notice:  Trying to access array offset on value of type null in A:\xamppFriss\htdocs\api\castlesiege.php on line 26
[26-Oct-2023 09:03:03 UTC] PHP Notice:  Trying to access array offset on value of type null in A:\xamppFriss\htdocs\api\castlesiege.php on line 26
[26-Oct-2023 09:03:12 UTC] PHP Notice:  Undefined index: creditsconfig in A:\xamppFriss\htdocs\admincp\modules\creditsmanager.php on line 18
[26-Oct-2023 09:03:12 UTC] PHP Notice:  Undefined index: identifier in A:\xamppFriss\htdocs\admincp\modules\creditsmanager.php on line 18
[26-Oct-2023 09:03:12 UTC] PHP Notice:  Undefined index: credits in A:\xamppFriss\htdocs\admincp\modules\creditsmanager.php on line 18
[26-Oct-2023 09:03:12 UTC] PHP Notice:  Undefined index: transaction in A:\xamppFriss\htdocs\admincp\modules\creditsmanager.php on line 18
[26-Oct-2023 09:03:20 UTC] PHP Notice:  Undefined index: new_submit in A:\xamppFriss\htdocs\admincp\modules\creditsconfigs.php on line 19
[26-Oct-2023 09:03:20 UTC] PHP Notice:  Undefined index: edit_submit in A:\xamppFriss\htdocs\admincp\modules\creditsconfigs.php on line 46
[26-Oct-2023 09:03:20 UTC] PHP Notice:  Undefined index: delete in A:\xamppFriss\htdocs\admincp\modules\creditsconfigs.php on line 75
[26-Oct-2023 09:03:20 UTC] PHP Notice:  Undefined index: edit in A:\xamppFriss\htdocs\admincp\modules\creditsconfigs.php on line 87
[26-Oct-2023 09:03:26 UTC] PHP Notice:  Undefined index: config in A:\xamppFriss\htdocs\admincp\modules\modules_manager.php on line 76
[26-Oct-2023 09:03:30 UTC] PHP Notice:  Undefined index: submit_changes in A:\xamppFriss\htdocs\admincp\modules\mconfig\paypal.php on line 48
[26-Oct-2023 09:07:50 UTC] PHP Notice:  Undefined index: new_submit in A:\xamppFriss\htdocs\admincp\modules\creditsconfigs.php on line 19
[26-Oct-2023 09:07:50 UTC] PHP Notice:  Undefined index: edit_submit in A:\xamppFriss\htdocs\admincp\modules\creditsconfigs.php on line 46
[26-Oct-2023 09:07:50 UTC] PHP Notice:  Undefined index: delete in A:\xamppFriss\htdocs\admincp\modules\creditsconfigs.php on line 75
[26-Oct-2023 09:07:50 UTC] PHP Notice:  Undefined index: edit in A:\xamppFriss\htdocs\admincp\modules\creditsconfigs.php on line 87
[26-Oct-2023 09:18:06 UTC] PHP Notice:  Trying to access array offset on value of type null in A:\xamppFriss\htdocs\api\castlesiege.php on line 26
[26-Oct-2023 09:18:08 UTC] PHP Notice:  Trying to access array offset on value of type null in A:\xamppFriss\htdocs\api\castlesiege.php on line 26
[26-Oct-2023 09:18:13 UTC] PHP Notice:  Trying to access array offset on value of type null in A:\xamppFriss\htdocs\api\castlesiege.php on line 26
[26-Oct-2023 09:18:19 UTC] PHP Notice:  Undefined index: new_submit in A:\xamppFriss\htdocs\admincp\modules\creditsconfigs.php on line 19
[26-Oct-2023 09:18:19 UTC] PHP Notice:  Undefined index: edit_submit in A:\xamppFriss\htdocs\admincp\modules\creditsconfigs.php on line 46
[26-Oct-2023 09:18:19 UTC] PHP Notice:  Undefined index: delete in A:\xamppFriss\htdocs\admincp\modules\creditsconfigs.php on line 75
[26-Oct-2023 09:18:19 UTC] PHP Notice:  Undefined index: edit in A:\xamppFriss\htdocs\admincp\modules\creditsconfigs.php on line 87
[26-Oct-2023 09:18:36 UTC] PHP Notice:  Undefined index: edit_submit in A:\xamppFriss\htdocs\admincp\modules\creditsconfigs.php on line 46
[26-Oct-2023 09:18:36 UTC] PHP Notice:  Undefined index: delete in A:\xamppFriss\htdocs\admincp\modules\creditsconfigs.php on line 75
[26-Oct-2023 09:18:36 UTC] PHP Notice:  Undefined index: edit in A:\xamppFriss\htdocs\admincp\modules\creditsconfigs.php on line 87
[26-Oct-2023 09:18:55 UTC] PHP Notice:  Undefined index: edit_submit in A:\xamppFriss\htdocs\admincp\modules\creditsconfigs.php on line 46
[26-Oct-2023 09:18:55 UTC] PHP Notice:  Undefined index: delete in A:\xamppFriss\htdocs\admincp\modules\creditsconfigs.php on line 75
[26-Oct-2023 09:18:55 UTC] PHP Notice:  Undefined index: edit in A:\xamppFriss\htdocs\admincp\modules\creditsconfigs.php on line 87
[26-Oct-2023 09:19:21 UTC] PHP Notice:  Undefined index: config in A:\xamppFriss\htdocs\admincp\modules\modules_manager.php on line 76
[26-Oct-2023 09:20:22 UTC] PHP Notice:  Undefined index: new_submit in A:\xamppFriss\htdocs\admincp\modules\creditsconfigs.php on line 19
[26-Oct-2023 09:20:22 UTC] PHP Notice:  Undefined index: edit_submit in A:\xamppFriss\htdocs\admincp\modules\creditsconfigs.php on line 46
[26-Oct-2023 09:20:22 UTC] PHP Notice:  Undefined index: delete in A:\xamppFriss\htdocs\admincp\modules\creditsconfigs.php on line 75
[26-Oct-2023 09:20:22 UTC] PHP Notice:  Undefined index: edit in A:\xamppFriss\htdocs\admincp\modules\creditsconfigs.php on line 87
[26-Oct-2023 09:20:28 UTC] PHP Notice:  Undefined index: creditsconfig in A:\xamppFriss\htdocs\admincp\modules\creditsmanager.php on line 18
[26-Oct-2023 09:20:28 UTC] PHP Notice:  Undefined index: identifier in A:\xamppFriss\htdocs\admincp\modules\creditsmanager.php on line 18
[26-Oct-2023 09:20:28 UTC] PHP Notice:  Undefined index: credits in A:\xamppFriss\htdocs\admincp\modules\creditsmanager.php on line 18
[26-Oct-2023 09:20:28 UTC] PHP Notice:  Undefined index: transaction in A:\xamppFriss\htdocs\admincp\modules\creditsmanager.php on line 18
[26-Oct-2023 09:20:40 UTC] PHP Notice:  Undefined index: creditsconfig in A:\xamppFriss\htdocs\admincp\modules\creditsmanager.php on line 18
[26-Oct-2023 09:20:40 UTC] PHP Notice:  Undefined index: identifier in A:\xamppFriss\htdocs\admincp\modules\creditsmanager.php on line 18
[26-Oct-2023 09:20:40 UTC] PHP Notice:  Undefined index: credits in A:\xamppFriss\htdocs\admincp\modules\creditsmanager.php on line 18
[26-Oct-2023 09:20:40 UTC] PHP Notice:  Undefined index: transaction in A:\xamppFriss\htdocs\admincp\modules\creditsmanager.php on line 18
[26-Oct-2023 09:20:42 UTC] PHP Notice:  Trying to access array offset on value of type null in A:\xamppFriss\htdocs\api\castlesiege.php on line 26
[26-Oct-2023 09:20:43 UTC] PHP Notice:  Trying to access array offset on value of type null in A:\xamppFriss\htdocs\api\castlesiege.php on line 26
[26-Oct-2023 09:20:45 UTC] PHP Notice:  Trying to access array offset on value of type null in A:\xamppFriss\htdocs\api\castlesiege.php on line 26
[26-Oct-2023 09:20:46 UTC] PHP Notice:  Trying to access array offset on value of type null in A:\xamppFriss\htdocs\api\castlesiege.php on line 26
[26-Oct-2023 09:20:49 UTC] PHP Notice:  Trying to access array offset on value of type null in A:\xamppFriss\htdocs\api\castlesiege.php on line 26
[26-Oct-2023 09:21:11 UTC] PHP Notice:  Trying to access array offset on value of type null in A:\xamppFriss\htdocs\api\castlesiege.php on line 26
[26-Oct-2023 09:21:19 UTC] PHP Notice:  Trying to access array offset on value of type null in A:\xamppFriss\htdocs\api\castlesiege.php on line 26
[26-Oct-2023 09:21:24 UTC] PHP Notice:  Trying to access array offset on value of type null in A:\xamppFriss\htdocs\api\castlesiege.php on line 26
[26-Oct-2023 09:21:36 UTC] PHP Notice:  Trying to access array offset on value of type null in A:\xamppFriss\htdocs\api\castlesiege.php on line 26
[26-Oct-2023 09:21:46 UTC] PHP Notice:  Trying to access array offset on value of type null in A:\xamppFriss\htdocs\api\castlesiege.php on line 26
[26-Oct-2023 09:21:49 UTC] PHP Notice:  Trying to access array offset on value of type null in A:\xamppFriss\htdocs\api\castlesiege.php on line 26
[26-Oct-2023 09:21:58 UTC] PHP Notice:  Trying to access array offset on value of type null in A:\xamppFriss\htdocs\api\castlesiege.php on line 26
[26-Oct-2023 09:22:01 UTC] PHP Notice:  Trying to access array offset on value of type null in A:\xamppFriss\htdocs\api\castlesiege.php on line 26
[26-Oct-2023 09:22:05 UTC] PHP Notice:  Trying to access array offset on value of type null in A:\xamppFriss\htdocs\api\castlesiege.php on line 26
[26-Oct-2023 09:22:10 UTC] PHP Notice:  Trying to access array offset on value of type null in A:\xamppFriss\htdocs\api\castlesiege.php on line 26
[26-Oct-2023 09:22:18 UTC] PHP Notice:  Undefined index: config in A:\xamppFriss\htdocs\admincp\modules\modules_manager.php on line 76
[26-Oct-2023 09:22:20 UTC] PHP Notice:  Undefined index: submit_changes in A:\xamppFriss\htdocs\admincp\modules\mconfig\profiles.php on line 37
[26-Oct-2023 09:22:28 UTC] PHP Notice:  Undefined index: submit_changes in A:\xamppFriss\htdocs\admincp\modules\mconfig\myaccount.php on line 37
[26-Oct-2023 09:22:38 UTC] PHP Notice:  Undefined index: submit_changes in A:\xamppFriss\htdocs\admincp\modules\mconfig\addstats.php on line 68
[26-Oct-2023 09:22:45 UTC] PHP Notice:  Undefined index: submit_changes in A:\xamppFriss\htdocs\admincp\modules\mconfig\addstats.php on line 68
[26-Oct-2023 09:22:51 UTC] PHP Notice:  Undefined index: delete in A:\xamppFriss\htdocs\admincp\modules\usercp.php on line 18
[26-Oct-2023 09:22:51 UTC] PHP Notice:  Undefined index: usercp_submit in A:\xamppFriss\htdocs\admincp\modules\usercp.php on line 44
[26-Oct-2023 09:22:51 UTC] PHP Notice:  Undefined index: new_submit in A:\xamppFriss\htdocs\admincp\modules\usercp.php on line 95
[26-Oct-2023 09:22:54 UTC] PHP Notice:  Undefined index: delete in A:\xamppFriss\htdocs\admincp\modules\navbar.php on line 18
[26-Oct-2023 09:22:54 UTC] PHP Notice:  Undefined index: navbar_submit in A:\xamppFriss\htdocs\admincp\modules\navbar.php on line 44
[26-Oct-2023 09:22:54 UTC] PHP Notice:  Undefined index: new_submit in A:\xamppFriss\htdocs\admincp\modules\navbar.php on line 93
[26-Oct-2023 09:22:55 UTC] PHP Notice:  Undefined index: config in A:\xamppFriss\htdocs\admincp\modules\modules_manager.php on line 76
[26-Oct-2023 09:23:03 UTC] PHP Notice:  Undefined index: submit_changes in A:\xamppFriss\htdocs\admincp\modules\mconfig\donation.php on line 38
[26-Oct-2023 09:23:14 UTC] PHP Notice:  Undefined index: settings_submit in A:\xamppFriss\htdocs\admincp\modules\connection_settings.php on line 29
[26-Oct-2023 09:23:14 UTC] PHP Notice:  Undefined index: SQL_ENABLE_MD5 in A:\xamppFriss\htdocs\includes\functions.php on line 272
[26-Oct-2023 09:23:14 UTC] PHP Notice:  Undefined index: SQL_ENABLE_MD5 in A:\xamppFriss\htdocs\includes\functions.php on line 272
[26-Oct-2023 09:23:20 UTC] PHP Notice:  Undefined index: new_submit in A:\xamppFriss\htdocs\admincp\modules\creditsconfigs.php on line 19
[26-Oct-2023 09:23:20 UTC] PHP Notice:  Undefined index: edit_submit in A:\xamppFriss\htdocs\admincp\modules\creditsconfigs.php on line 46
[26-Oct-2023 09:23:20 UTC] PHP Notice:  Undefined index: delete in A:\xamppFriss\htdocs\admincp\modules\creditsconfigs.php on line 75
[26-Oct-2023 09:23:20 UTC] PHP Notice:  Undefined index: edit in A:\xamppFriss\htdocs\admincp\modules\creditsconfigs.php on line 87
[26-Oct-2023 09:23:36 UTC] PHP Notice:  Undefined index: ip_address in A:\xamppFriss\htdocs\admincp\modules\accountsfromip.php on line 23
[26-Oct-2023 09:23:39 UTC] PHP Notice:  Undefined index: u in A:\xamppFriss\htdocs\admincp\modules\accountinfo.php on line 19
[26-Oct-2023 09:23:39 UTC] PHP Notice:  Undefined index: editaccount_submit in A:\xamppFriss\htdocs\admincp\modules\accountinfo.php on line 33
[26-Oct-2023 09:24:00 UTC] PHP Notice:  Undefined index: creditsconfig in A:\xamppFriss\htdocs\admincp\modules\creditsmanager.php on line 18
[26-Oct-2023 09:24:00 UTC] PHP Notice:  Undefined index: identifier in A:\xamppFriss\htdocs\admincp\modules\creditsmanager.php on line 18
[26-Oct-2023 09:24:00 UTC] PHP Notice:  Undefined index: credits in A:\xamppFriss\htdocs\admincp\modules\creditsmanager.php on line 18
[26-Oct-2023 09:24:00 UTC] PHP Notice:  Undefined index: transaction in A:\xamppFriss\htdocs\admincp\modules\creditsmanager.php on line 18
[26-Oct-2023 09:24:21 UTC] PHP Notice:  Undefined index: new_submit in A:\xamppFriss\htdocs\admincp\modules\creditsconfigs.php on line 19
[26-Oct-2023 09:24:21 UTC] PHP Notice:  Undefined index: edit_submit in A:\xamppFriss\htdocs\admincp\modules\creditsconfigs.php on line 46
[26-Oct-2023 09:24:21 UTC] PHP Notice:  Undefined index: delete in A:\xamppFriss\htdocs\admincp\modules\creditsconfigs.php on line 75
[26-Oct-2023 09:24:21 UTC] PHP Notice:  Undefined index: edit in A:\xamppFriss\htdocs\admincp\modules\creditsconfigs.php on line 87
[26-Oct-2023 09:24:35 UTC] PHP Notice:  Undefined index: settings_submit in A:\xamppFriss\htdocs\admincp\modules\website_settings.php on line 51
[26-Oct-2023 09:25:00 UTC] PHP Notice:  Undefined index: settings_submit in A:\xamppFriss\htdocs\admincp\modules\admincp_access.php on line 17
[26-Oct-2023 09:25:02 UTC] PHP Notice:  Undefined index: settings_submit in A:\xamppFriss\htdocs\admincp\modules\connection_settings.php on line 29
[26-Oct-2023 09:25:02 UTC] PHP Notice:  Undefined index: SQL_ENABLE_MD5 in A:\xamppFriss\htdocs\includes\functions.php on line 272
[26-Oct-2023 09:25:02 UTC] PHP Notice:  Undefined index: SQL_ENABLE_MD5 in A:\xamppFriss\htdocs\includes\functions.php on line 272
[26-Oct-2023 09:25:33 UTC] PHP Notice:  Undefined index: settings_submit in A:\xamppFriss\htdocs\admincp\modules\admincp_access.php on line 17
[26-Oct-2023 09:25:38 UTC] PHP Notice:  Undefined index: new_submit in A:\xamppFriss\htdocs\admincp\modules\creditsconfigs.php on line 19
[26-Oct-2023 09:25:38 UTC] PHP Notice:  Undefined index: edit_submit in A:\xamppFriss\htdocs\admincp\modules\creditsconfigs.php on line 46
[26-Oct-2023 09:25:38 UTC] PHP Notice:  Undefined index: delete in A:\xamppFriss\htdocs\admincp\modules\creditsconfigs.php on line 75
[26-Oct-2023 09:25:38 UTC] PHP Notice:  Undefined index: edit in A:\xamppFriss\htdocs\admincp\modules\creditsconfigs.php on line 87
[26-Oct-2023 09:25:40 UTC] PHP Notice:  Undefined index: creditsconfig in A:\xamppFriss\htdocs\admincp\modules\creditsmanager.php on line 18
[26-Oct-2023 09:25:40 UTC] PHP Notice:  Undefined index: identifier in A:\xamppFriss\htdocs\admincp\modules\creditsmanager.php on line 18
[26-Oct-2023 09:25:40 UTC] PHP Notice:  Undefined index: credits in A:\xamppFriss\htdocs\admincp\modules\creditsmanager.php on line 18
[26-Oct-2023 09:25:40 UTC] PHP Notice:  Undefined index: transaction in A:\xamppFriss\htdocs\admincp\modules\creditsmanager.php on line 18
[26-Oct-2023 09:25:45 UTC] PHP Notice:  Undefined index: settings_submit in A:\xamppFriss\htdocs\admincp\modules\website_settings.php on line 51
[26-Oct-2023 09:25:46 UTC] PHP Notice:  Undefined index: config in A:\xamppFriss\htdocs\admincp\modules\modules_manager.php on line 76
[26-Oct-2023 09:25:47 UTC] PHP Notice:  Undefined index: submit_changes in A:\xamppFriss\htdocs\admincp\modules\mconfig\paypal.php on line 48
[26-Oct-2023 09:34:59 UTC] PHP Notice:  Trying to access array offset on value of type null in A:\xamppFriss\htdocs\api\castlesiege.php on line 26
[26-Oct-2023 09:35:06 UTC] PHP Notice:  Trying to access array offset on value of type null in A:\xamppFriss\htdocs\api\castlesiege.php on line 26
[26-Oct-2023 09:35:08 UTC] PHP Notice:  Trying to access array offset on value of type null in A:\xamppFriss\htdocs\api\castlesiege.php on line 26
[26-Oct-2023 09:35:13 UTC] PHP Notice:  Trying to access array offset on value of type null in A:\xamppFriss\htdocs\api\castlesiege.php on line 26
[26-Oct-2023 09:35:18 UTC] PHP Notice:  Undefined index: new_submit in A:\xamppFriss\htdocs\admincp\modules\creditsconfigs.php on line 19
[26-Oct-2023 09:35:18 UTC] PHP Notice:  Undefined index: edit_submit in A:\xamppFriss\htdocs\admincp\modules\creditsconfigs.php on line 46
[26-Oct-2023 09:35:18 UTC] PHP Notice:  Undefined index: delete in A:\xamppFriss\htdocs\admincp\modules\creditsconfigs.php on line 75
[26-Oct-2023 09:35:18 UTC] PHP Notice:  Undefined index: edit in A:\xamppFriss\htdocs\admincp\modules\creditsconfigs.php on line 87
[26-Oct-2023 09:35:20 UTC] PHP Notice:  Undefined index: creditsconfig in A:\xamppFriss\htdocs\admincp\modules\creditsmanager.php on line 18
[26-Oct-2023 09:35:20 UTC] PHP Notice:  Undefined index: identifier in A:\xamppFriss\htdocs\admincp\modules\creditsmanager.php on line 18
[26-Oct-2023 09:35:20 UTC] PHP Notice:  Undefined index: credits in A:\xamppFriss\htdocs\admincp\modules\creditsmanager.php on line 18
[26-Oct-2023 09:35:20 UTC] PHP Notice:  Undefined index: transaction in A:\xamppFriss\htdocs\admincp\modules\creditsmanager.php on line 18
[26-Oct-2023 09:35:24 UTC] PHP Notice:  Undefined index: config in A:\xamppFriss\htdocs\admincp\modules\modules_manager.php on line 76
[26-Oct-2023 09:35:31 UTC] PHP Notice:  Undefined index: submit_changes in A:\xamppFriss\htdocs\admincp\modules\mconfig\paypal.php on line 48
[26-Oct-2023 09:36:28 UTC] PHP Notice:  Trying to access array offset on value of type null in A:\xamppFriss\htdocs\api\castlesiege.php on line 26
[26-Oct-2023 09:36:29 UTC] PHP Notice:  Trying to access array offset on value of type null in A:\xamppFriss\htdocs\api\castlesiege.php on line 26
[26-Oct-2023 09:36:37 UTC] PHP Notice:  Trying to access array offset on value of type null in A:\xamppFriss\htdocs\api\castlesiege.php on line 26
[26-Oct-2023 09:38:43 UTC] PHP Notice:  Undefined index: settings_submit in A:\xamppFriss\htdocs\admincp\modules\connection_settings.php on line 29
[26-Oct-2023 09:38:43 UTC] PHP Notice:  Undefined index: SQL_ENABLE_MD5 in A:\xamppFriss\htdocs\includes\functions.php on line 272
[26-Oct-2023 09:38:43 UTC] PHP Notice:  Undefined index: SQL_ENABLE_MD5 in A:\xamppFriss\htdocs\includes\functions.php on line 272
[26-Oct-2023 09:38:45 UTC] PHP Notice:  Undefined index: settings_submit in A:\xamppFriss\htdocs\admincp\modules\website_settings.php on line 51
[26-Oct-2023 09:38:57 UTC] PHP Notice:  Undefined index: delete in A:\xamppFriss\htdocs\admincp\modules\navbar.php on line 18
[26-Oct-2023 09:38:57 UTC] PHP Notice:  Undefined index: navbar_submit in A:\xamppFriss\htdocs\admincp\modules\navbar.php on line 44
[26-Oct-2023 09:38:57 UTC] PHP Notice:  Undefined index: new_submit in A:\xamppFriss\htdocs\admincp\modules\navbar.php on line 93
[26-Oct-2023 09:38:58 UTC] PHP Notice:  Undefined index: delete in A:\xamppFriss\htdocs\admincp\modules\usercp.php on line 18
[26-Oct-2023 09:38:58 UTC] PHP Notice:  Undefined index: usercp_submit in A:\xamppFriss\htdocs\admincp\modules\usercp.php on line 44
[26-Oct-2023 09:38:58 UTC] PHP Notice:  Undefined index: new_submit in A:\xamppFriss\htdocs\admincp\modules\usercp.php on line 95
[26-Oct-2023 09:39:37 UTC] PHP Notice:  Trying to access array offset on value of type null in A:\xamppFriss\htdocs\api\castlesiege.php on line 26
[26-Oct-2023 09:42:12 UTC] PHP Notice:  Trying to access array offset on value of type null in A:\xamppFriss\htdocs\api\castlesiege.php on line 26
[26-Oct-2023 09:42:25 UTC] PHP Notice:  Undefined index: new_submit in A:\xamppFriss\htdocs\admincp\modules\creditsconfigs.php on line 19
[26-Oct-2023 09:42:25 UTC] PHP Notice:  Undefined index: edit_submit in A:\xamppFriss\htdocs\admincp\modules\creditsconfigs.php on line 46
[26-Oct-2023 09:42:25 UTC] PHP Notice:  Undefined index: delete in A:\xamppFriss\htdocs\admincp\modules\creditsconfigs.php on line 75
[26-Oct-2023 09:42:25 UTC] PHP Notice:  Undefined index: edit in A:\xamppFriss\htdocs\admincp\modules\creditsconfigs.php on line 87
[26-Oct-2023 09:42:58 UTC] PHP Notice:  Undefined index: new_submit in A:\xamppFriss\htdocs\admincp\modules\creditsconfigs.php on line 19
[26-Oct-2023 09:42:58 UTC] PHP Notice:  Undefined index: edit_submit in A:\xamppFriss\htdocs\admincp\modules\creditsconfigs.php on line 46
[26-Oct-2023 09:42:58 UTC] PHP Notice:  Undefined index: delete in A:\xamppFriss\htdocs\admincp\modules\creditsconfigs.php on line 75
[26-Oct-2023 09:42:58 UTC] PHP Notice:  Undefined index: edit in A:\xamppFriss\htdocs\admincp\modules\creditsconfigs.php on line 87
[26-Oct-2023 09:43:18 UTC] PHP Notice:  Undefined index: creditsconfig in A:\xamppFriss\htdocs\admincp\modules\creditsmanager.php on line 18
[26-Oct-2023 09:43:18 UTC] PHP Notice:  Undefined index: identifier in A:\xamppFriss\htdocs\admincp\modules\creditsmanager.php on line 18
[26-Oct-2023 09:43:18 UTC] PHP Notice:  Undefined index: credits in A:\xamppFriss\htdocs\admincp\modules\creditsmanager.php on line 18
[26-Oct-2023 09:43:18 UTC] PHP Notice:  Undefined index: transaction in A:\xamppFriss\htdocs\admincp\modules\creditsmanager.php on line 18
[26-Oct-2023 09:44:44 UTC] PHP Notice:  Undefined index: creditsconfig in A:\xamppFriss\htdocs\admincp\modules\creditsmanager.php on line 18
[26-Oct-2023 09:44:44 UTC] PHP Notice:  Undefined index: identifier in A:\xamppFriss\htdocs\admincp\modules\creditsmanager.php on line 18
[26-Oct-2023 09:44:44 UTC] PHP Notice:  Undefined index: credits in A:\xamppFriss\htdocs\admincp\modules\creditsmanager.php on line 18
[26-Oct-2023 09:44:44 UTC] PHP Notice:  Undefined index: transaction in A:\xamppFriss\htdocs\admincp\modules\creditsmanager.php on line 18
[26-Oct-2023 09:44:45 UTC] PHP Notice:  Undefined index: new_submit in A:\xamppFriss\htdocs\admincp\modules\creditsconfigs.php on line 19
[26-Oct-2023 09:44:45 UTC] PHP Notice:  Undefined index: edit_submit in A:\xamppFriss\htdocs\admincp\modules\creditsconfigs.php on line 46
[26-Oct-2023 09:44:45 UTC] PHP Notice:  Undefined index: delete in A:\xamppFriss\htdocs\admincp\modules\creditsconfigs.php on line 75
[26-Oct-2023 09:44:45 UTC] PHP Notice:  Undefined index: edit in A:\xamppFriss\htdocs\admincp\modules\creditsconfigs.php on line 87
[26-Oct-2023 09:47:15 UTC] PHP Notice:  Undefined index: new_submit in A:\xamppFriss\htdocs\admincp\modules\creditsconfigs.php on line 19
[26-Oct-2023 09:47:15 UTC] PHP Notice:  Undefined index: edit_submit in A:\xamppFriss\htdocs\admincp\modules\creditsconfigs.php on line 46
[26-Oct-2023 09:47:15 UTC] PHP Notice:  Undefined index: delete in A:\xamppFriss\htdocs\admincp\modules\creditsconfigs.php on line 75
[26-Oct-2023 09:47:15 UTC] PHP Notice:  Undefined index: edit in A:\xamppFriss\htdocs\admincp\modules\creditsconfigs.php on line 87
[26-Oct-2023 09:48:20 UTC] PHP Notice:  Undefined index: new_submit in A:\xamppFriss\htdocs\admincp\modules\creditsconfigs.php on line 19
[26-Oct-2023 09:48:20 UTC] PHP Notice:  Undefined index: edit_submit in A:\xamppFriss\htdocs\admincp\modules\creditsconfigs.php on line 46
[26-Oct-2023 09:48:20 UTC] PHP Notice:  Undefined index: delete in A:\xamppFriss\htdocs\admincp\modules\creditsconfigs.php on line 75
[26-Oct-2023 09:48:26 UTC] PHP Notice:  Undefined index: new_submit in A:\xamppFriss\htdocs\admincp\modules\creditsconfigs.php on line 19
[26-Oct-2023 09:48:26 UTC] PHP Notice:  Undefined index: delete in A:\xamppFriss\htdocs\admincp\modules\creditsconfigs.php on line 75
[26-Oct-2023 09:48:26 UTC] PHP Notice:  Undefined index: edit in A:\xamppFriss\htdocs\admincp\modules\creditsconfigs.php on line 87
[26-Oct-2023 09:50:58 UTC] PHP Notice:  Undefined index: new_submit in A:\xamppFriss\htdocs\admincp\modules\creditsconfigs.php on line 19
[26-Oct-2023 09:50:58 UTC] PHP Notice:  Undefined index: edit_submit in A:\xamppFriss\htdocs\admincp\modules\creditsconfigs.php on line 46
[26-Oct-2023 09:50:58 UTC] PHP Notice:  Undefined index: delete in A:\xamppFriss\htdocs\admincp\modules\creditsconfigs.php on line 75
[26-Oct-2023 09:50:58 UTC] PHP Notice:  Undefined index: edit in A:\xamppFriss\htdocs\admincp\modules\creditsconfigs.php on line 87
[26-Oct-2023 09:54:31 UTC] PHP Notice:  Undefined index: new_submit in A:\xamppFriss\htdocs\admincp\modules\creditsconfigs.php on line 19
[26-Oct-2023 09:54:31 UTC] PHP Notice:  Undefined index: edit_submit in A:\xamppFriss\htdocs\admincp\modules\creditsconfigs.php on line 46
[26-Oct-2023 09:54:31 UTC] PHP Notice:  Undefined index: delete in A:\xamppFriss\htdocs\admincp\modules\creditsconfigs.php on line 75
[26-Oct-2023 09:54:31 UTC] PHP Notice:  Undefined index: edit in A:\xamppFriss\htdocs\admincp\modules\creditsconfigs.php on line 87
[26-Oct-2023 09:54:33 UTC] PHP Notice:  Undefined index: new_submit in A:\xamppFriss\htdocs\admincp\modules\creditsconfigs.php on line 19
[26-Oct-2023 09:54:33 UTC] PHP Notice:  Undefined index: edit_submit in A:\xamppFriss\htdocs\admincp\modules\creditsconfigs.php on line 46
[26-Oct-2023 09:54:33 UTC] PHP Notice:  Undefined index: delete in A:\xamppFriss\htdocs\admincp\modules\creditsconfigs.php on line 75
[26-Oct-2023 09:54:36 UTC] PHP Notice:  Undefined index: new_submit in A:\xamppFriss\htdocs\admincp\modules\creditsconfigs.php on line 19
[26-Oct-2023 09:54:36 UTC] PHP Notice:  Undefined index: delete in A:\xamppFriss\htdocs\admincp\modules\creditsconfigs.php on line 75
[26-Oct-2023 09:54:36 UTC] PHP Notice:  Undefined index: edit in A:\xamppFriss\htdocs\admincp\modules\creditsconfigs.php on line 87
[26-Oct-2023 10:12:33 UTC] PHP Notice:  Trying to access array offset on value of type null in A:\xamppFriss\htdocs\api\castlesiege.php on line 26
[26-Oct-2023 10:12:39 UTC] PHP Notice:  Trying to access array offset on value of type null in A:\xamppFriss\htdocs\api\castlesiege.php on line 26
[26-Oct-2023 10:12:42 UTC] PHP Notice:  Trying to access array offset on value of type null in A:\xamppFriss\htdocs\api\castlesiege.php on line 26
[26-Oct-2023 10:12:45 UTC] PHP Notice:  Undefined index: creditsconfig in A:\xamppFriss\htdocs\admincp\modules\creditsmanager.php on line 18
[26-Oct-2023 10:12:45 UTC] PHP Notice:  Undefined index: identifier in A:\xamppFriss\htdocs\admincp\modules\creditsmanager.php on line 18
[26-Oct-2023 10:12:45 UTC] PHP Notice:  Undefined index: credits in A:\xamppFriss\htdocs\admincp\modules\creditsmanager.php on line 18
[26-Oct-2023 10:12:45 UTC] PHP Notice:  Undefined index: transaction in A:\xamppFriss\htdocs\admincp\modules\creditsmanager.php on line 18
[26-Oct-2023 10:12:48 UTC] PHP Notice:  Undefined index: new_submit in A:\xamppFriss\htdocs\admincp\modules\creditsconfigs.php on line 19
[26-Oct-2023 10:12:48 UTC] PHP Notice:  Undefined index: edit_submit in A:\xamppFriss\htdocs\admincp\modules\creditsconfigs.php on line 46
[26-Oct-2023 10:12:48 UTC] PHP Notice:  Undefined index: delete in A:\xamppFriss\htdocs\admincp\modules\creditsconfigs.php on line 75
[26-Oct-2023 10:12:48 UTC] PHP Notice:  Undefined index: edit in A:\xamppFriss\htdocs\admincp\modules\creditsconfigs.php on line 87
[26-Oct-2023 10:20:23 UTC] PHP Notice:  Trying to access array offset on value of type null in A:\xamppFriss\htdocs\api\castlesiege.php on line 26
[26-Oct-2023 10:20:24 UTC] PHP Notice:  Trying to access array offset on value of type null in A:\xamppFriss\htdocs\api\castlesiege.php on line 26
[26-Oct-2023 10:20:55 UTC] PHP Notice:  Trying to access array offset on value of type null in A:\xamppFriss\htdocs\api\castlesiege.php on line 26
[26-Oct-2023 10:21:04 UTC] PHP Notice:  Undefined index: new_submit in A:\xamppFriss\htdocs\admincp\modules\creditsconfigs.php on line 19
[26-Oct-2023 10:21:04 UTC] PHP Notice:  Undefined index: edit_submit in A:\xamppFriss\htdocs\admincp\modules\creditsconfigs.php on line 46
[26-Oct-2023 10:21:04 UTC] PHP Notice:  Undefined index: delete in A:\xamppFriss\htdocs\admincp\modules\creditsconfigs.php on line 75
[26-Oct-2023 10:21:04 UTC] PHP Notice:  Undefined index: edit in A:\xamppFriss\htdocs\admincp\modules\creditsconfigs.php on line 87
[26-Oct-2023 10:22:55 UTC] PHP Notice:  Undefined index: new_submit in A:\xamppFriss\htdocs\admincp\modules\creditsconfigs.php on line 19
[26-Oct-2023 10:22:55 UTC] PHP Notice:  Undefined index: edit_submit in A:\xamppFriss\htdocs\admincp\modules\creditsconfigs.php on line 46
[26-Oct-2023 10:22:55 UTC] PHP Notice:  Undefined index: delete in A:\xamppFriss\htdocs\admincp\modules\creditsconfigs.php on line 75
[26-Oct-2023 10:23:04 UTC] PHP Notice:  Undefined index: new_submit in A:\xamppFriss\htdocs\admincp\modules\creditsconfigs.php on line 19
[26-Oct-2023 10:23:04 UTC] PHP Notice:  Undefined index: delete in A:\xamppFriss\htdocs\admincp\modules\creditsconfigs.php on line 75
[26-Oct-2023 10:23:04 UTC] PHP Notice:  Undefined index: edit in A:\xamppFriss\htdocs\admincp\modules\creditsconfigs.php on line 87
[26-Oct-2023 10:23:26 UTC] PHP Notice:  Undefined index: edit_submit in A:\xamppFriss\htdocs\admincp\modules\creditsconfigs.php on line 46
[26-Oct-2023 10:23:26 UTC] PHP Notice:  Undefined index: delete in A:\xamppFriss\htdocs\admincp\modules\creditsconfigs.php on line 75
[26-Oct-2023 10:23:26 UTC] PHP Notice:  Undefined index: edit in A:\xamppFriss\htdocs\admincp\modules\creditsconfigs.php on line 87
[26-Oct-2023 10:23:29 UTC] PHP Notice:  Undefined index: new_submit in A:\xamppFriss\htdocs\admincp\modules\creditsconfigs.php on line 19
[26-Oct-2023 10:23:29 UTC] PHP Notice:  Undefined index: edit_submit in A:\xamppFriss\htdocs\admincp\modules\creditsconfigs.php on line 46
[26-Oct-2023 10:23:29 UTC] PHP Notice:  Undefined index: delete in A:\xamppFriss\htdocs\admincp\modules\creditsconfigs.php on line 75
[26-Oct-2023 10:23:33 UTC] PHP Notice:  Undefined index: new_submit in A:\xamppFriss\htdocs\admincp\modules\creditsconfigs.php on line 19
[26-Oct-2023 10:23:33 UTC] PHP Notice:  Undefined index: delete in A:\xamppFriss\htdocs\admincp\modules\creditsconfigs.php on line 75
[26-Oct-2023 10:23:33 UTC] PHP Notice:  Undefined index: edit in A:\xamppFriss\htdocs\admincp\modules\creditsconfigs.php on line 87
[26-Oct-2023 10:24:21 UTC] PHP Notice:  Undefined index: new_submit in A:\xamppFriss\htdocs\admincp\modules\creditsconfigs.php on line 19
[26-Oct-2023 10:24:21 UTC] PHP Notice:  Undefined index: edit_submit in A:\xamppFriss\htdocs\admincp\modules\creditsconfigs.php on line 46
[26-Oct-2023 10:24:21 UTC] PHP Notice:  Undefined index: delete in A:\xamppFriss\htdocs\admincp\modules\creditsconfigs.php on line 75
[26-Oct-2023 10:24:38 UTC] PHP Notice:  Undefined index: new_submit in A:\xamppFriss\htdocs\admincp\modules\creditsconfigs.php on line 19
[26-Oct-2023 10:24:38 UTC] PHP Notice:  Undefined index: delete in A:\xamppFriss\htdocs\admincp\modules\creditsconfigs.php on line 75
[26-Oct-2023 10:24:38 UTC] PHP Notice:  Undefined index: edit in A:\xamppFriss\htdocs\admincp\modules\creditsconfigs.php on line 87
[26-Oct-2023 10:24:43 UTC] PHP Notice:  Undefined index: new_submit in A:\xamppFriss\htdocs\admincp\modules\creditsconfigs.php on line 19
[26-Oct-2023 10:24:43 UTC] PHP Notice:  Undefined index: edit_submit in A:\xamppFriss\htdocs\admincp\modules\creditsconfigs.php on line 46
[26-Oct-2023 10:24:43 UTC] PHP Notice:  Undefined index: delete in A:\xamppFriss\htdocs\admincp\modules\creditsconfigs.php on line 75
[26-Oct-2023 10:24:59 UTC] PHP Notice:  Undefined index: new_submit in A:\xamppFriss\htdocs\admincp\modules\creditsconfigs.php on line 19
[26-Oct-2023 10:24:59 UTC] PHP Notice:  Undefined index: delete in A:\xamppFriss\htdocs\admincp\modules\creditsconfigs.php on line 75
[26-Oct-2023 10:24:59 UTC] PHP Notice:  Undefined index: edit in A:\xamppFriss\htdocs\admincp\modules\creditsconfigs.php on line 87
[26-Oct-2023 10:25:40 UTC] PHP Notice:  Undefined index: new_submit in A:\xamppFriss\htdocs\admincp\modules\creditsconfigs.php on line 19
[26-Oct-2023 10:25:40 UTC] PHP Notice:  Undefined index: edit_submit in A:\xamppFriss\htdocs\admincp\modules\creditsconfigs.php on line 46
[26-Oct-2023 10:25:40 UTC] PHP Notice:  Undefined index: delete in A:\xamppFriss\htdocs\admincp\modules\creditsconfigs.php on line 75
[26-Oct-2023 10:26:15 UTC] PHP Notice:  Undefined index: new_submit in A:\xamppFriss\htdocs\admincp\modules\creditsconfigs.php on line 19
[26-Oct-2023 10:26:15 UTC] PHP Notice:  Undefined index: delete in A:\xamppFriss\htdocs\admincp\modules\creditsconfigs.php on line 75
[26-Oct-2023 10:26:15 UTC] PHP Notice:  Undefined index: edit in A:\xamppFriss\htdocs\admincp\modules\creditsconfigs.php on line 87
[26-Oct-2023 10:26:19 UTC] PHP Notice:  Undefined index: new_submit in A:\xamppFriss\htdocs\admincp\modules\creditsconfigs.php on line 19
[26-Oct-2023 10:26:19 UTC] PHP Notice:  Undefined index: edit_submit in A:\xamppFriss\htdocs\admincp\modules\creditsconfigs.php on line 46
[26-Oct-2023 10:26:19 UTC] PHP Notice:  Undefined index: delete in A:\xamppFriss\htdocs\admincp\modules\creditsconfigs.php on line 75
[26-Oct-2023 10:26:19 UTC] PHP Notice:  Undefined index: edit in A:\xamppFriss\htdocs\admincp\modules\creditsconfigs.php on line 87
[26-Oct-2023 10:26:20 UTC] PHP Notice:  Undefined index: creditsconfig in A:\xamppFriss\htdocs\admincp\modules\creditsmanager.php on line 18
[26-Oct-2023 10:26:20 UTC] PHP Notice:  Undefined index: identifier in A:\xamppFriss\htdocs\admincp\modules\creditsmanager.php on line 18
[26-Oct-2023 10:26:20 UTC] PHP Notice:  Undefined index: credits in A:\xamppFriss\htdocs\admincp\modules\creditsmanager.php on line 18
[26-Oct-2023 10:26:20 UTC] PHP Notice:  Undefined index: transaction in A:\xamppFriss\htdocs\admincp\modules\creditsmanager.php on line 18
[26-Oct-2023 10:26:47 UTC] PHP Notice:  Undefined index: search_account in A:\xamppFriss\htdocs\admincp\modules\searchaccount.php on line 23
[26-Oct-2023 10:26:52 UTC] PHP Notice:  Undefined index: u in A:\xamppFriss\htdocs\admincp\modules\accountinfo.php on line 19
[26-Oct-2023 10:26:52 UTC] PHP Notice:  Undefined index: editaccount_submit in A:\xamppFriss\htdocs\admincp\modules\accountinfo.php on line 33
[26-Oct-2023 10:28:20 UTC] PHP Notice:  Trying to access array offset on value of type null in A:\xamppFriss\htdocs\api\castlesiege.php on line 26
[26-Oct-2023 10:28:25 UTC] PHP Notice:  Trying to access array offset on value of type null in A:\xamppFriss\htdocs\api\castlesiege.php on line 26
[26-Oct-2023 14:02:02 UTC] PHP Notice:  Trying to access array offset on value of type null in A:\xamppFriss\htdocs\api\castlesiege.php on line 26
[26-Oct-2023 14:03:21 UTC] PHP Notice:  Trying to access array offset on value of type null in A:\xamppFriss\htdocs\api\castlesiege.php on line 26
[26-Oct-2023 14:03:51 UTC] PHP Notice:  Trying to access array offset on value of type null in A:\xamppFriss\htdocs\api\castlesiege.php on line 26
[26-Oct-2023 14:03:53 UTC] PHP Notice:  Trying to access array offset on value of type null in A:\xamppFriss\htdocs\api\castlesiege.php on line 26
[26-Oct-2023 14:03:53 UTC] PHP Notice:  Trying to access array offset on value of type null in A:\xamppFriss\htdocs\api\castlesiege.php on line 26
[26-Oct-2023 14:03:54 UTC] PHP Notice:  Trying to access array offset on value of type null in A:\xamppFriss\htdocs\api\castlesiege.php on line 26
[26-Oct-2023 14:03:55 UTC] PHP Notice:  Trying to access array offset on value of type null in A:\xamppFriss\htdocs\api\castlesiege.php on line 26
[26-Oct-2023 14:03:57 UTC] PHP Notice:  Trying to access array offset on value of type null in A:\xamppFriss\htdocs\api\castlesiege.php on line 26
